<?xml version="1.0" encoding="UTF-8"?>
<testsuite xmlns:xsi="http://www.w3.org/2001/XMLSchema-instance" xsi:noNamespaceSchemaLocation="https://maven.apache.org/surefire/maven-surefire-plugin/xsd/surefire-test-report-3.0.xsd" version="3.0" name="com.leeyoubackend.LeeyouBackendApplicationTests" time="4.124" tests="1" errors="0" skipped="0" failures="0">
  <properties>
    <property name="java.specification.version" value="21"/>
    <property name="sun.cpu.isalist" value="amd64"/>
    <property name="sun.jnu.encoding" value="GBK"/>
    <property name="java.class.path" value="D:\code\partener\leeyou-backend\target\test-classes;D:\code\partener\leeyou-backend\target\classes;D:\develop\apache-maven-3.9.9\mvn_repo\org\springframework\boot\spring-boot-starter-web\2.6.13\spring-boot-starter-web-2.6.13.jar;D:\develop\apache-maven-3.9.9\mvn_repo\org\springframework\boot\spring-boot-starter\2.6.13\spring-boot-starter-2.6.13.jar;D:\develop\apache-maven-3.9.9\mvn_repo\org\springframework\boot\spring-boot-starter-logging\2.6.13\spring-boot-starter-logging-2.6.13.jar;D:\develop\apache-maven-3.9.9\mvn_repo\ch\qos\logback\logback-classic\1.2.11\logback-classic-1.2.11.jar;D:\develop\apache-maven-3.9.9\mvn_repo\ch\qos\logback\logback-core\1.2.11\logback-core-1.2.11.jar;D:\develop\apache-maven-3.9.9\mvn_repo\org\apache\logging\log4j\log4j-to-slf4j\2.17.2\log4j-to-slf4j-2.17.2.jar;D:\develop\apache-maven-3.9.9\mvn_repo\org\apache\logging\log4j\log4j-api\2.17.2\log4j-api-2.17.2.jar;D:\develop\apache-maven-3.9.9\mvn_repo\org\slf4j\jul-to-slf4j\1.7.36\jul-to-slf4j-1.7.36.jar;D:\develop\apache-maven-3.9.9\mvn_repo\jakarta\annotation\jakarta.annotation-api\1.3.5\jakarta.annotation-api-1.3.5.jar;D:\develop\apache-maven-3.9.9\mvn_repo\org\yaml\snakeyaml\1.29\snakeyaml-1.29.jar;D:\develop\apache-maven-3.9.9\mvn_repo\org\springframework\boot\spring-boot-starter-json\2.6.13\spring-boot-starter-json-2.6.13.jar;D:\develop\apache-maven-3.9.9\mvn_repo\com\fasterxml\jackson\datatype\jackson-datatype-jdk8\2.13.4\jackson-datatype-jdk8-2.13.4.jar;D:\develop\apache-maven-3.9.9\mvn_repo\com\fasterxml\jackson\datatype\jackson-datatype-jsr310\2.13.4\jackson-datatype-jsr310-2.13.4.jar;D:\develop\apache-maven-3.9.9\mvn_repo\com\fasterxml\jackson\module\jackson-module-parameter-names\2.13.4\jackson-module-parameter-names-2.13.4.jar;D:\develop\apache-maven-3.9.9\mvn_repo\org\springframework\boot\spring-boot-starter-tomcat\2.6.13\spring-boot-starter-tomcat-2.6.13.jar;D:\develop\apache-maven-3.9.9\mvn_repo\org\apache\tomcat\embed\tomcat-embed-core\9.0.68\tomcat-embed-core-9.0.68.jar;D:\develop\apache-maven-3.9.9\mvn_repo\org\apache\tomcat\embed\tomcat-embed-el\9.0.68\tomcat-embed-el-9.0.68.jar;D:\develop\apache-maven-3.9.9\mvn_repo\org\apache\tomcat\embed\tomcat-embed-websocket\9.0.68\tomcat-embed-websocket-9.0.68.jar;D:\develop\apache-maven-3.9.9\mvn_repo\org\springframework\spring-web\5.3.23\spring-web-5.3.23.jar;D:\develop\apache-maven-3.9.9\mvn_repo\org\springframework\spring-beans\5.3.23\spring-beans-5.3.23.jar;D:\develop\apache-maven-3.9.9\mvn_repo\org\springframework\spring-webmvc\5.3.23\spring-webmvc-5.3.23.jar;D:\develop\apache-maven-3.9.9\mvn_repo\org\springframework\spring-aop\5.3.23\spring-aop-5.3.23.jar;D:\develop\apache-maven-3.9.9\mvn_repo\org\springframework\spring-context\5.3.23\spring-context-5.3.23.jar;D:\develop\apache-maven-3.9.9\mvn_repo\org\springframework\spring-expression\5.3.23\spring-expression-5.3.23.jar;D:\develop\apache-maven-3.9.9\mvn_repo\org\apache\commons\commons-lang3\3.12.0\commons-lang3-3.12.0.jar;D:\develop\apache-maven-3.9.9\mvn_repo\org\springframework\boot\spring-boot-devtools\2.6.13\spring-boot-devtools-2.6.13.jar;D:\develop\apache-maven-3.9.9\mvn_repo\org\springframework\boot\spring-boot\2.6.13\spring-boot-2.6.13.jar;D:\develop\apache-maven-3.9.9\mvn_repo\org\springframework\boot\spring-boot-autoconfigure\2.6.13\spring-boot-autoconfigure-2.6.13.jar;D:\develop\apache-maven-3.9.9\mvn_repo\com\mysql\mysql-connector-j\8.0.31\mysql-connector-j-8.0.31.jar;D:\develop\apache-maven-3.9.9\mvn_repo\org\springframework\boot\spring-boot-configuration-processor\2.6.13\spring-boot-configuration-processor-2.6.13.jar;D:\develop\apache-maven-3.9.9\mvn_repo\org\projectlombok\lombok\1.18.24\lombok-1.18.24.jar;D:\develop\apache-maven-3.9.9\mvn_repo\org\springframework\boot\spring-boot-starter-test\2.6.13\spring-boot-starter-test-2.6.13.jar;D:\develop\apache-maven-3.9.9\mvn_repo\org\springframework\boot\spring-boot-test\2.6.13\spring-boot-test-2.6.13.jar;D:\develop\apache-maven-3.9.9\mvn_repo\org\springframework\boot\spring-boot-test-autoconfigure\2.6.13\spring-boot-test-autoconfigure-2.6.13.jar;D:\develop\apache-maven-3.9.9\mvn_repo\com\jayway\jsonpath\json-path\2.6.0\json-path-2.6.0.jar;D:\develop\apache-maven-3.9.9\mvn_repo\net\minidev\json-smart\2.4.8\json-smart-2.4.8.jar;D:\develop\apache-maven-3.9.9\mvn_repo\net\minidev\accessors-smart\2.4.8\accessors-smart-2.4.8.jar;D:\develop\apache-maven-3.9.9\mvn_repo\org\ow2\asm\asm\9.1\asm-9.1.jar;D:\develop\apache-maven-3.9.9\mvn_repo\jakarta\xml\bind\jakarta.xml.bind-api\2.3.3\jakarta.xml.bind-api-2.3.3.jar;D:\develop\apache-maven-3.9.9\mvn_repo\jakarta\activation\jakarta.activation-api\1.2.2\jakarta.activation-api-1.2.2.jar;D:\develop\apache-maven-3.9.9\mvn_repo\org\assertj\assertj-core\3.21.0\assertj-core-3.21.0.jar;D:\develop\apache-maven-3.9.9\mvn_repo\org\hamcrest\hamcrest\2.2\hamcrest-2.2.jar;D:\develop\apache-maven-3.9.9\mvn_repo\org\junit\jupiter\junit-jupiter\5.8.2\junit-jupiter-5.8.2.jar;D:\develop\apache-maven-3.9.9\mvn_repo\org\junit\jupiter\junit-jupiter-api\5.8.2\junit-jupiter-api-5.8.2.jar;D:\develop\apache-maven-3.9.9\mvn_repo\org\opentest4j\opentest4j\1.2.0\opentest4j-1.2.0.jar;D:\develop\apache-maven-3.9.9\mvn_repo\org\junit\platform\junit-platform-commons\1.8.2\junit-platform-commons-1.8.2.jar;D:\develop\apache-maven-3.9.9\mvn_repo\org\apiguardian\apiguardian-api\1.1.2\apiguardian-api-1.1.2.jar;D:\develop\apache-maven-3.9.9\mvn_repo\org\junit\jupiter\junit-jupiter-params\5.8.2\junit-jupiter-params-5.8.2.jar;D:\develop\apache-maven-3.9.9\mvn_repo\org\junit\jupiter\junit-jupiter-engine\5.8.2\junit-jupiter-engine-5.8.2.jar;D:\develop\apache-maven-3.9.9\mvn_repo\org\junit\platform\junit-platform-engine\1.8.2\junit-platform-engine-1.8.2.jar;D:\develop\apache-maven-3.9.9\mvn_repo\org\mockito\mockito-core\4.0.0\mockito-core-4.0.0.jar;D:\develop\apache-maven-3.9.9\mvn_repo\net\bytebuddy\byte-buddy-agent\1.11.22\byte-buddy-agent-1.11.22.jar;D:\develop\apache-maven-3.9.9\mvn_repo\org\objenesis\objenesis\3.2\objenesis-3.2.jar;D:\develop\apache-maven-3.9.9\mvn_repo\org\mockito\mockito-junit-jupiter\4.0.0\mockito-junit-jupiter-4.0.0.jar;D:\develop\apache-maven-3.9.9\mvn_repo\org\skyscreamer\jsonassert\1.5.1\jsonassert-1.5.1.jar;D:\develop\apache-maven-3.9.9\mvn_repo\com\vaadin\external\google\android-json\0.0.20131108.vaadin1\android-json-0.0.20131108.vaadin1.jar;D:\develop\apache-maven-3.9.9\mvn_repo\org\springframework\spring-core\5.3.23\spring-core-5.3.23.jar;D:\develop\apache-maven-3.9.9\mvn_repo\org\springframework\spring-jcl\5.3.23\spring-jcl-5.3.23.jar;D:\develop\apache-maven-3.9.9\mvn_repo\org\springframework\spring-test\5.3.23\spring-test-5.3.23.jar;D:\develop\apache-maven-3.9.9\mvn_repo\org\xmlunit\xmlunit-core\2.8.4\xmlunit-core-2.8.4.jar;D:\develop\apache-maven-3.9.9\mvn_repo\com\baomidou\mybatis-plus-boot-starter\3.5.4\mybatis-plus-boot-starter-3.5.4.jar;D:\develop\apache-maven-3.9.9\mvn_repo\com\baomidou\mybatis-plus\3.5.4\mybatis-plus-3.5.4.jar;D:\develop\apache-maven-3.9.9\mvn_repo\com\baomidou\mybatis-plus-core\3.5.4\mybatis-plus-core-3.5.4.jar;D:\develop\apache-maven-3.9.9\mvn_repo\com\baomidou\mybatis-plus-annotation\3.5.4\mybatis-plus-annotation-3.5.4.jar;D:\develop\apache-maven-3.9.9\mvn_repo\com\baomidou\mybatis-plus-extension\3.5.4\mybatis-plus-extension-3.5.4.jar;D:\develop\apache-maven-3.9.9\mvn_repo\org\mybatis\mybatis\3.5.13\mybatis-3.5.13.jar;D:\develop\apache-maven-3.9.9\mvn_repo\com\github\jsqlparser\jsqlparser\4.6\jsqlparser-4.6.jar;D:\develop\apache-maven-3.9.9\mvn_repo\org\mybatis\mybatis-spring\2.1.1\mybatis-spring-2.1.1.jar;D:\develop\apache-maven-3.9.9\mvn_repo\com\baomidou\mybatis-plus-spring-boot-autoconfigure\3.5.4\mybatis-plus-spring-boot-autoconfigure-3.5.4.jar;D:\develop\apache-maven-3.9.9\mvn_repo\org\springframework\boot\spring-boot-starter-jdbc\2.6.13\spring-boot-starter-jdbc-2.6.13.jar;D:\develop\apache-maven-3.9.9\mvn_repo\com\zaxxer\HikariCP\4.0.3\HikariCP-4.0.3.jar;D:\develop\apache-maven-3.9.9\mvn_repo\org\springframework\spring-jdbc\5.3.23\spring-jdbc-5.3.23.jar;D:\develop\apache-maven-3.9.9\mvn_repo\junit\junit\4.13.2\junit-4.13.2.jar;D:\develop\apache-maven-3.9.9\mvn_repo\org\hamcrest\hamcrest-core\2.2\hamcrest-core-2.2.jar;D:\develop\apache-maven-3.9.9\mvn_repo\com\google\code\gson\gson\2.10.1\gson-2.10.1.jar;D:\develop\apache-maven-3.9.9\mvn_repo\com\github\xiaoymin\knife4j-openapi2-spring-boot-starter\4.4.0\knife4j-openapi2-spring-boot-starter-4.4.0.jar;D:\develop\apache-maven-3.9.9\mvn_repo\com\github\xiaoymin\knife4j-core\4.4.0\knife4j-core-4.4.0.jar;D:\develop\apache-maven-3.9.9\mvn_repo\com\github\xiaoymin\knife4j-openapi2-ui\4.4.0\knife4j-openapi2-ui-4.4.0.jar;D:\develop\apache-maven-3.9.9\mvn_repo\org\javassist\javassist\3.25.0-GA\javassist-3.25.0-GA.jar;D:\develop\apache-maven-3.9.9\mvn_repo\io\springfox\springfox-swagger2\2.10.5\springfox-swagger2-2.10.5.jar;D:\develop\apache-maven-3.9.9\mvn_repo\io\springfox\springfox-spi\2.10.5\springfox-spi-2.10.5.jar;D:\develop\apache-maven-3.9.9\mvn_repo\io\springfox\springfox-core\2.10.5\springfox-core-2.10.5.jar;D:\develop\apache-maven-3.9.9\mvn_repo\io\springfox\springfox-schema\2.10.5\springfox-schema-2.10.5.jar;D:\develop\apache-maven-3.9.9\mvn_repo\io\springfox\springfox-swagger-common\2.10.5\springfox-swagger-common-2.10.5.jar;D:\develop\apache-maven-3.9.9\mvn_repo\io\springfox\springfox-spring-web\2.10.5\springfox-spring-web-2.10.5.jar;D:\develop\apache-maven-3.9.9\mvn_repo\io\github\classgraph\classgraph\4.1.7\classgraph-4.1.7.jar;D:\develop\apache-maven-3.9.9\mvn_repo\com\fasterxml\classmate\1.5.1\classmate-1.5.1.jar;D:\develop\apache-maven-3.9.9\mvn_repo\org\springframework\plugin\spring-plugin-core\2.0.0.RELEASE\spring-plugin-core-2.0.0.RELEASE.jar;D:\develop\apache-maven-3.9.9\mvn_repo\org\springframework\plugin\spring-plugin-metadata\2.0.0.RELEASE\spring-plugin-metadata-2.0.0.RELEASE.jar;D:\develop\apache-maven-3.9.9\mvn_repo\org\mapstruct\mapstruct\1.3.1.Final\mapstruct-1.3.1.Final.jar;D:\develop\apache-maven-3.9.9\mvn_repo\io\swagger\swagger-models\1.6.6\swagger-models-1.6.6.jar;D:\develop\apache-maven-3.9.9\mvn_repo\io\swagger\swagger-annotations\1.6.6\swagger-annotations-1.6.6.jar;D:\develop\apache-maven-3.9.9\mvn_repo\io\springfox\springfox-bean-validators\2.10.5\springfox-bean-validators-2.10.5.jar;D:\develop\apache-maven-3.9.9\mvn_repo\io\springfox\springfox-spring-webmvc\2.10.5\springfox-spring-webmvc-2.10.5.jar;D:\develop\apache-maven-3.9.9\mvn_repo\redis\clients\jedis\5.1.3\jedis-5.1.3.jar;D:\develop\apache-maven-3.9.9\mvn_repo\org\slf4j\slf4j-api\1.7.36\slf4j-api-1.7.36.jar;D:\develop\apache-maven-3.9.9\mvn_repo\org\apache\commons\commons-pool2\2.11.1\commons-pool2-2.11.1.jar;D:\develop\apache-maven-3.9.9\mvn_repo\org\json\json\20231013\json-20231013.jar;D:\develop\apache-maven-3.9.9\mvn_repo\org\springframework\boot\spring-boot-starter-data-redis\2.6.13\spring-boot-starter-data-redis-2.6.13.jar;D:\develop\apache-maven-3.9.9\mvn_repo\org\springframework\data\spring-data-redis\2.6.9\spring-data-redis-2.6.9.jar;D:\develop\apache-maven-3.9.9\mvn_repo\org\springframework\data\spring-data-keyvalue\2.6.9\spring-data-keyvalue-2.6.9.jar;D:\develop\apache-maven-3.9.9\mvn_repo\org\springframework\data\spring-data-commons\2.6.9\spring-data-commons-2.6.9.jar;D:\develop\apache-maven-3.9.9\mvn_repo\org\springframework\spring-tx\5.3.23\spring-tx-5.3.23.jar;D:\develop\apache-maven-3.9.9\mvn_repo\org\springframework\spring-oxm\5.3.23\spring-oxm-5.3.23.jar;D:\develop\apache-maven-3.9.9\mvn_repo\org\springframework\spring-context-support\5.3.23\spring-context-support-5.3.23.jar;D:\develop\apache-maven-3.9.9\mvn_repo\io\lettuce\lettuce-core\6.1.10.RELEASE\lettuce-core-6.1.10.RELEASE.jar;D:\develop\apache-maven-3.9.9\mvn_repo\org\springframework\session\spring-session-data-redis\2.6.4\spring-session-data-redis-2.6.4.jar;D:\develop\apache-maven-3.9.9\mvn_repo\org\springframework\session\spring-session-core\2.6.3\spring-session-core-2.6.3.jar;D:\develop\apache-maven-3.9.9\mvn_repo\org\redisson\redisson\3.17.5\redisson-3.17.5.jar;D:\develop\apache-maven-3.9.9\mvn_repo\io\netty\netty-common\4.1.84.Final\netty-common-4.1.84.Final.jar;D:\develop\apache-maven-3.9.9\mvn_repo\io\netty\netty-codec\4.1.84.Final\netty-codec-4.1.84.Final.jar;D:\develop\apache-maven-3.9.9\mvn_repo\io\netty\netty-buffer\4.1.84.Final\netty-buffer-4.1.84.Final.jar;D:\develop\apache-maven-3.9.9\mvn_repo\io\netty\netty-transport\4.1.84.Final\netty-transport-4.1.84.Final.jar;D:\develop\apache-maven-3.9.9\mvn_repo\io\netty\netty-resolver\4.1.84.Final\netty-resolver-4.1.84.Final.jar;D:\develop\apache-maven-3.9.9\mvn_repo\io\netty\netty-resolver-dns\4.1.84.Final\netty-resolver-dns-4.1.84.Final.jar;D:\develop\apache-maven-3.9.9\mvn_repo\io\netty\netty-codec-dns\4.1.84.Final\netty-codec-dns-4.1.84.Final.jar;D:\develop\apache-maven-3.9.9\mvn_repo\io\netty\netty-handler\4.1.84.Final\netty-handler-4.1.84.Final.jar;D:\develop\apache-maven-3.9.9\mvn_repo\io\netty\netty-transport-native-unix-common\4.1.84.Final\netty-transport-native-unix-common-4.1.84.Final.jar;D:\develop\apache-maven-3.9.9\mvn_repo\javax\cache\cache-api\1.1.1\cache-api-1.1.1.jar;D:\develop\apache-maven-3.9.9\mvn_repo\io\projectreactor\reactor-core\3.4.24\reactor-core-3.4.24.jar;D:\develop\apache-maven-3.9.9\mvn_repo\org\reactivestreams\reactive-streams\1.0.4\reactive-streams-1.0.4.jar;D:\develop\apache-maven-3.9.9\mvn_repo\io\reactivex\rxjava3\rxjava\3.1.5\rxjava-3.1.5.jar;D:\develop\apache-maven-3.9.9\mvn_repo\org\jboss\marshalling\jboss-marshalling\2.0.11.Final\jboss-marshalling-2.0.11.Final.jar;D:\develop\apache-maven-3.9.9\mvn_repo\org\jboss\marshalling\jboss-marshalling-river\2.0.11.Final\jboss-marshalling-river-2.0.11.Final.jar;D:\develop\apache-maven-3.9.9\mvn_repo\com\fasterxml\jackson\core\jackson-annotations\2.13.4\jackson-annotations-2.13.4.jar;D:\develop\apache-maven-3.9.9\mvn_repo\com\fasterxml\jackson\dataformat\jackson-dataformat-yaml\2.13.4\jackson-dataformat-yaml-2.13.4.jar;D:\develop\apache-maven-3.9.9\mvn_repo\com\fasterxml\jackson\core\jackson-core\2.13.4\jackson-core-2.13.4.jar;D:\develop\apache-maven-3.9.9\mvn_repo\com\fasterxml\jackson\core\jackson-databind\2.13.4.2\jackson-databind-2.13.4.2.jar;D:\develop\apache-maven-3.9.9\mvn_repo\net\bytebuddy\byte-buddy\1.11.22\byte-buddy-1.11.22.jar;D:\develop\apache-maven-3.9.9\mvn_repo\org\jodd\jodd-bean\5.1.6\jodd-bean-5.1.6.jar;D:\develop\apache-maven-3.9.9\mvn_repo\org\jodd\jodd-core\5.1.6\jodd-core-5.1.6.jar;D:\develop\apache-maven-3.9.9\mvn_repo\io\netty\netty-all\4.1.68.Final\netty-all-4.1.68.Final.jar;"/>
    <property name="java.vm.vendor" value="Oracle Corporation"/>
    <property name="sun.arch.data.model" value="64"/>
    <property name="user.variant" value=""/>
    <property name="java.vendor.url" value="https://java.oracle.com/"/>
    <property name="user.timezone" value="Asia/Shanghai"/>
    <property name="os.name" value="Windows 11"/>
    <property name="java.vm.specification.version" value="21"/>
    <property name="sun.java.launcher" value="SUN_STANDARD"/>
    <property name="user.country" value="CN"/>
    <property name="sun.boot.library.path" value="D:\java\bin"/>
    <property name="sun.java.command" value="C:\Users\leeyou\AppData\Local\Temp\surefire14624383886855401073\surefirebooter-20241206091128854_3.jar C:\Users\leeyou\AppData\Local\Temp\surefire14624383886855401073 2024-12-06T09-11-28_776-jvmRun1 surefire-20241206091128854_1tmp surefire_0-20241206091128854_2tmp"/>
    <property name="jdk.debug" value="release"/>
    <property name="surefire.test.class.path" value="D:\code\partener\leeyou-backend\target\test-classes;D:\code\partener\leeyou-backend\target\classes;D:\develop\apache-maven-3.9.9\mvn_repo\org\springframework\boot\spring-boot-starter-web\2.6.13\spring-boot-starter-web-2.6.13.jar;D:\develop\apache-maven-3.9.9\mvn_repo\org\springframework\boot\spring-boot-starter\2.6.13\spring-boot-starter-2.6.13.jar;D:\develop\apache-maven-3.9.9\mvn_repo\org\springframework\boot\spring-boot-starter-logging\2.6.13\spring-boot-starter-logging-2.6.13.jar;D:\develop\apache-maven-3.9.9\mvn_repo\ch\qos\logback\logback-classic\1.2.11\logback-classic-1.2.11.jar;D:\develop\apache-maven-3.9.9\mvn_repo\ch\qos\logback\logback-core\1.2.11\logback-core-1.2.11.jar;D:\develop\apache-maven-3.9.9\mvn_repo\org\apache\logging\log4j\log4j-to-slf4j\2.17.2\log4j-to-slf4j-2.17.2.jar;D:\develop\apache-maven-3.9.9\mvn_repo\org\apache\logging\log4j\log4j-api\2.17.2\log4j-api-2.17.2.jar;D:\develop\apache-maven-3.9.9\mvn_repo\org\slf4j\jul-to-slf4j\1.7.36\jul-to-slf4j-1.7.36.jar;D:\develop\apache-maven-3.9.9\mvn_repo\jakarta\annotation\jakarta.annotation-api\1.3.5\jakarta.annotation-api-1.3.5.jar;D:\develop\apache-maven-3.9.9\mvn_repo\org\yaml\snakeyaml\1.29\snakeyaml-1.29.jar;D:\develop\apache-maven-3.9.9\mvn_repo\org\springframework\boot\spring-boot-starter-json\2.6.13\spring-boot-starter-json-2.6.13.jar;D:\develop\apache-maven-3.9.9\mvn_repo\com\fasterxml\jackson\datatype\jackson-datatype-jdk8\2.13.4\jackson-datatype-jdk8-2.13.4.jar;D:\develop\apache-maven-3.9.9\mvn_repo\com\fasterxml\jackson\datatype\jackson-datatype-jsr310\2.13.4\jackson-datatype-jsr310-2.13.4.jar;D:\develop\apache-maven-3.9.9\mvn_repo\com\fasterxml\jackson\module\jackson-module-parameter-names\2.13.4\jackson-module-parameter-names-2.13.4.jar;D:\develop\apache-maven-3.9.9\mvn_repo\org\springframework\boot\spring-boot-starter-tomcat\2.6.13\spring-boot-starter-tomcat-2.6.13.jar;D:\develop\apache-maven-3.9.9\mvn_repo\org\apache\tomcat\embed\tomcat-embed-core\9.0.68\tomcat-embed-core-9.0.68.jar;D:\develop\apache-maven-3.9.9\mvn_repo\org\apache\tomcat\embed\tomcat-embed-el\9.0.68\tomcat-embed-el-9.0.68.jar;D:\develop\apache-maven-3.9.9\mvn_repo\org\apache\tomcat\embed\tomcat-embed-websocket\9.0.68\tomcat-embed-websocket-9.0.68.jar;D:\develop\apache-maven-3.9.9\mvn_repo\org\springframework\spring-web\5.3.23\spring-web-5.3.23.jar;D:\develop\apache-maven-3.9.9\mvn_repo\org\springframework\spring-beans\5.3.23\spring-beans-5.3.23.jar;D:\develop\apache-maven-3.9.9\mvn_repo\org\springframework\spring-webmvc\5.3.23\spring-webmvc-5.3.23.jar;D:\develop\apache-maven-3.9.9\mvn_repo\org\springframework\spring-aop\5.3.23\spring-aop-5.3.23.jar;D:\develop\apache-maven-3.9.9\mvn_repo\org\springframework\spring-context\5.3.23\spring-context-5.3.23.jar;D:\develop\apache-maven-3.9.9\mvn_repo\org\springframework\spring-expression\5.3.23\spring-expression-5.3.23.jar;D:\develop\apache-maven-3.9.9\mvn_repo\org\apache\commons\commons-lang3\3.12.0\commons-lang3-3.12.0.jar;D:\develop\apache-maven-3.9.9\mvn_repo\org\springframework\boot\spring-boot-devtools\2.6.13\spring-boot-devtools-2.6.13.jar;D:\develop\apache-maven-3.9.9\mvn_repo\org\springframework\boot\spring-boot\2.6.13\spring-boot-2.6.13.jar;D:\develop\apache-maven-3.9.9\mvn_repo\org\springframework\boot\spring-boot-autoconfigure\2.6.13\spring-boot-autoconfigure-2.6.13.jar;D:\develop\apache-maven-3.9.9\mvn_repo\com\mysql\mysql-connector-j\8.0.31\mysql-connector-j-8.0.31.jar;D:\develop\apache-maven-3.9.9\mvn_repo\org\springframework\boot\spring-boot-configuration-processor\2.6.13\spring-boot-configuration-processor-2.6.13.jar;D:\develop\apache-maven-3.9.9\mvn_repo\org\projectlombok\lombok\1.18.24\lombok-1.18.24.jar;D:\develop\apache-maven-3.9.9\mvn_repo\org\springframework\boot\spring-boot-starter-test\2.6.13\spring-boot-starter-test-2.6.13.jar;D:\develop\apache-maven-3.9.9\mvn_repo\org\springframework\boot\spring-boot-test\2.6.13\spring-boot-test-2.6.13.jar;D:\develop\apache-maven-3.9.9\mvn_repo\org\springframework\boot\spring-boot-test-autoconfigure\2.6.13\spring-boot-test-autoconfigure-2.6.13.jar;D:\develop\apache-maven-3.9.9\mvn_repo\com\jayway\jsonpath\json-path\2.6.0\json-path-2.6.0.jar;D:\develop\apache-maven-3.9.9\mvn_repo\net\minidev\json-smart\2.4.8\json-smart-2.4.8.jar;D:\develop\apache-maven-3.9.9\mvn_repo\net\minidev\accessors-smart\2.4.8\accessors-smart-2.4.8.jar;D:\develop\apache-maven-3.9.9\mvn_repo\org\ow2\asm\asm\9.1\asm-9.1.jar;D:\develop\apache-maven-3.9.9\mvn_repo\jakarta\xml\bind\jakarta.xml.bind-api\2.3.3\jakarta.xml.bind-api-2.3.3.jar;D:\develop\apache-maven-3.9.9\mvn_repo\jakarta\activation\jakarta.activation-api\1.2.2\jakarta.activation-api-1.2.2.jar;D:\develop\apache-maven-3.9.9\mvn_repo\org\assertj\assertj-core\3.21.0\assertj-core-3.21.0.jar;D:\develop\apache-maven-3.9.9\mvn_repo\org\hamcrest\hamcrest\2.2\hamcrest-2.2.jar;D:\develop\apache-maven-3.9.9\mvn_repo\org\junit\jupiter\junit-jupiter\5.8.2\junit-jupiter-5.8.2.jar;D:\develop\apache-maven-3.9.9\mvn_repo\org\junit\jupiter\junit-jupiter-api\5.8.2\junit-jupiter-api-5.8.2.jar;D:\develop\apache-maven-3.9.9\mvn_repo\org\opentest4j\opentest4j\1.2.0\opentest4j-1.2.0.jar;D:\develop\apache-maven-3.9.9\mvn_repo\org\junit\platform\junit-platform-commons\1.8.2\junit-platform-commons-1.8.2.jar;D:\develop\apache-maven-3.9.9\mvn_repo\org\apiguardian\apiguardian-api\1.1.2\apiguardian-api-1.1.2.jar;D:\develop\apache-maven-3.9.9\mvn_repo\org\junit\jupiter\junit-jupiter-params\5.8.2\junit-jupiter-params-5.8.2.jar;D:\develop\apache-maven-3.9.9\mvn_repo\org\junit\jupiter\junit-jupiter-engine\5.8.2\junit-jupiter-engine-5.8.2.jar;D:\develop\apache-maven-3.9.9\mvn_repo\org\junit\platform\junit-platform-engine\1.8.2\junit-platform-engine-1.8.2.jar;D:\develop\apache-maven-3.9.9\mvn_repo\org\mockito\mockito-core\4.0.0\mockito-core-4.0.0.jar;D:\develop\apache-maven-3.9.9\mvn_repo\net\bytebuddy\byte-buddy-agent\1.11.22\byte-buddy-agent-1.11.22.jar;D:\develop\apache-maven-3.9.9\mvn_repo\org\objenesis\objenesis\3.2\objenesis-3.2.jar;D:\develop\apache-maven-3.9.9\mvn_repo\org\mockito\mockito-junit-jupiter\4.0.0\mockito-junit-jupiter-4.0.0.jar;D:\develop\apache-maven-3.9.9\mvn_repo\org\skyscreamer\jsonassert\1.5.1\jsonassert-1.5.1.jar;D:\develop\apache-maven-3.9.9\mvn_repo\com\vaadin\external\google\android-json\0.0.20131108.vaadin1\android-json-0.0.20131108.vaadin1.jar;D:\develop\apache-maven-3.9.9\mvn_repo\org\springframework\spring-core\5.3.23\spring-core-5.3.23.jar;D:\develop\apache-maven-3.9.9\mvn_repo\org\springframework\spring-jcl\5.3.23\spring-jcl-5.3.23.jar;D:\develop\apache-maven-3.9.9\mvn_repo\org\springframework\spring-test\5.3.23\spring-test-5.3.23.jar;D:\develop\apache-maven-3.9.9\mvn_repo\org\xmlunit\xmlunit-core\2.8.4\xmlunit-core-2.8.4.jar;D:\develop\apache-maven-3.9.9\mvn_repo\com\baomidou\mybatis-plus-boot-starter\3.5.4\mybatis-plus-boot-starter-3.5.4.jar;D:\develop\apache-maven-3.9.9\mvn_repo\com\baomidou\mybatis-plus\3.5.4\mybatis-plus-3.5.4.jar;D:\develop\apache-maven-3.9.9\mvn_repo\com\baomidou\mybatis-plus-core\3.5.4\mybatis-plus-core-3.5.4.jar;D:\develop\apache-maven-3.9.9\mvn_repo\com\baomidou\mybatis-plus-annotation\3.5.4\mybatis-plus-annotation-3.5.4.jar;D:\develop\apache-maven-3.9.9\mvn_repo\com\baomidou\mybatis-plus-extension\3.5.4\mybatis-plus-extension-3.5.4.jar;D:\develop\apache-maven-3.9.9\mvn_repo\org\mybatis\mybatis\3.5.13\mybatis-3.5.13.jar;D:\develop\apache-maven-3.9.9\mvn_repo\com\github\jsqlparser\jsqlparser\4.6\jsqlparser-4.6.jar;D:\develop\apache-maven-3.9.9\mvn_repo\org\mybatis\mybatis-spring\2.1.1\mybatis-spring-2.1.1.jar;D:\develop\apache-maven-3.9.9\mvn_repo\com\baomidou\mybatis-plus-spring-boot-autoconfigure\3.5.4\mybatis-plus-spring-boot-autoconfigure-3.5.4.jar;D:\develop\apache-maven-3.9.9\mvn_repo\org\springframework\boot\spring-boot-starter-jdbc\2.6.13\spring-boot-starter-jdbc-2.6.13.jar;D:\develop\apache-maven-3.9.9\mvn_repo\com\zaxxer\HikariCP\4.0.3\HikariCP-4.0.3.jar;D:\develop\apache-maven-3.9.9\mvn_repo\org\springframework\spring-jdbc\5.3.23\spring-jdbc-5.3.23.jar;D:\develop\apache-maven-3.9.9\mvn_repo\junit\junit\4.13.2\junit-4.13.2.jar;D:\develop\apache-maven-3.9.9\mvn_repo\org\hamcrest\hamcrest-core\2.2\hamcrest-core-2.2.jar;D:\develop\apache-maven-3.9.9\mvn_repo\com\google\code\gson\gson\2.10.1\gson-2.10.1.jar;D:\develop\apache-maven-3.9.9\mvn_repo\com\github\xiaoymin\knife4j-openapi2-spring-boot-starter\4.4.0\knife4j-openapi2-spring-boot-starter-4.4.0.jar;D:\develop\apache-maven-3.9.9\mvn_repo\com\github\xiaoymin\knife4j-core\4.4.0\knife4j-core-4.4.0.jar;D:\develop\apache-maven-3.9.9\mvn_repo\com\github\xiaoymin\knife4j-openapi2-ui\4.4.0\knife4j-openapi2-ui-4.4.0.jar;D:\develop\apache-maven-3.9.9\mvn_repo\org\javassist\javassist\3.25.0-GA\javassist-3.25.0-GA.jar;D:\develop\apache-maven-3.9.9\mvn_repo\io\springfox\springfox-swagger2\2.10.5\springfox-swagger2-2.10.5.jar;D:\develop\apache-maven-3.9.9\mvn_repo\io\springfox\springfox-spi\2.10.5\springfox-spi-2.10.5.jar;D:\develop\apache-maven-3.9.9\mvn_repo\io\springfox\springfox-core\2.10.5\springfox-core-2.10.5.jar;D:\develop\apache-maven-3.9.9\mvn_repo\io\springfox\springfox-schema\2.10.5\springfox-schema-2.10.5.jar;D:\develop\apache-maven-3.9.9\mvn_repo\io\springfox\springfox-swagger-common\2.10.5\springfox-swagger-common-2.10.5.jar;D:\develop\apache-maven-3.9.9\mvn_repo\io\springfox\springfox-spring-web\2.10.5\springfox-spring-web-2.10.5.jar;D:\develop\apache-maven-3.9.9\mvn_repo\io\github\classgraph\classgraph\4.1.7\classgraph-4.1.7.jar;D:\develop\apache-maven-3.9.9\mvn_repo\com\fasterxml\classmate\1.5.1\classmate-1.5.1.jar;D:\develop\apache-maven-3.9.9\mvn_repo\org\springframework\plugin\spring-plugin-core\2.0.0.RELEASE\spring-plugin-core-2.0.0.RELEASE.jar;D:\develop\apache-maven-3.9.9\mvn_repo\org\springframework\plugin\spring-plugin-metadata\2.0.0.RELEASE\spring-plugin-metadata-2.0.0.RELEASE.jar;D:\develop\apache-maven-3.9.9\mvn_repo\org\mapstruct\mapstruct\1.3.1.Final\mapstruct-1.3.1.Final.jar;D:\develop\apache-maven-3.9.9\mvn_repo\io\swagger\swagger-models\1.6.6\swagger-models-1.6.6.jar;D:\develop\apache-maven-3.9.9\mvn_repo\io\swagger\swagger-annotations\1.6.6\swagger-annotations-1.6.6.jar;D:\develop\apache-maven-3.9.9\mvn_repo\io\springfox\springfox-bean-validators\2.10.5\springfox-bean-validators-2.10.5.jar;D:\develop\apache-maven-3.9.9\mvn_repo\io\springfox\springfox-spring-webmvc\2.10.5\springfox-spring-webmvc-2.10.5.jar;D:\develop\apache-maven-3.9.9\mvn_repo\redis\clients\jedis\5.1.3\jedis-5.1.3.jar;D:\develop\apache-maven-3.9.9\mvn_repo\org\slf4j\slf4j-api\1.7.36\slf4j-api-1.7.36.jar;D:\develop\apache-maven-3.9.9\mvn_repo\org\apache\commons\commons-pool2\2.11.1\commons-pool2-2.11.1.jar;D:\develop\apache-maven-3.9.9\mvn_repo\org\json\json\20231013\json-20231013.jar;D:\develop\apache-maven-3.9.9\mvn_repo\org\springframework\boot\spring-boot-starter-data-redis\2.6.13\spring-boot-starter-data-redis-2.6.13.jar;D:\develop\apache-maven-3.9.9\mvn_repo\org\springframework\data\spring-data-redis\2.6.9\spring-data-redis-2.6.9.jar;D:\develop\apache-maven-3.9.9\mvn_repo\org\springframework\data\spring-data-keyvalue\2.6.9\spring-data-keyvalue-2.6.9.jar;D:\develop\apache-maven-3.9.9\mvn_repo\org\springframework\data\spring-data-commons\2.6.9\spring-data-commons-2.6.9.jar;D:\develop\apache-maven-3.9.9\mvn_repo\org\springframework\spring-tx\5.3.23\spring-tx-5.3.23.jar;D:\develop\apache-maven-3.9.9\mvn_repo\org\springframework\spring-oxm\5.3.23\spring-oxm-5.3.23.jar;D:\develop\apache-maven-3.9.9\mvn_repo\org\springframework\spring-context-support\5.3.23\spring-context-support-5.3.23.jar;D:\develop\apache-maven-3.9.9\mvn_repo\io\lettuce\lettuce-core\6.1.10.RELEASE\lettuce-core-6.1.10.RELEASE.jar;D:\develop\apache-maven-3.9.9\mvn_repo\org\springframework\session\spring-session-data-redis\2.6.4\spring-session-data-redis-2.6.4.jar;D:\develop\apache-maven-3.9.9\mvn_repo\org\springframework\session\spring-session-core\2.6.3\spring-session-core-2.6.3.jar;D:\develop\apache-maven-3.9.9\mvn_repo\org\redisson\redisson\3.17.5\redisson-3.17.5.jar;D:\develop\apache-maven-3.9.9\mvn_repo\io\netty\netty-common\4.1.84.Final\netty-common-4.1.84.Final.jar;D:\develop\apache-maven-3.9.9\mvn_repo\io\netty\netty-codec\4.1.84.Final\netty-codec-4.1.84.Final.jar;D:\develop\apache-maven-3.9.9\mvn_repo\io\netty\netty-buffer\4.1.84.Final\netty-buffer-4.1.84.Final.jar;D:\develop\apache-maven-3.9.9\mvn_repo\io\netty\netty-transport\4.1.84.Final\netty-transport-4.1.84.Final.jar;D:\develop\apache-maven-3.9.9\mvn_repo\io\netty\netty-resolver\4.1.84.Final\netty-resolver-4.1.84.Final.jar;D:\develop\apache-maven-3.9.9\mvn_repo\io\netty\netty-resolver-dns\4.1.84.Final\netty-resolver-dns-4.1.84.Final.jar;D:\develop\apache-maven-3.9.9\mvn_repo\io\netty\netty-codec-dns\4.1.84.Final\netty-codec-dns-4.1.84.Final.jar;D:\develop\apache-maven-3.9.9\mvn_repo\io\netty\netty-handler\4.1.84.Final\netty-handler-4.1.84.Final.jar;D:\develop\apache-maven-3.9.9\mvn_repo\io\netty\netty-transport-native-unix-common\4.1.84.Final\netty-transport-native-unix-common-4.1.84.Final.jar;D:\develop\apache-maven-3.9.9\mvn_repo\javax\cache\cache-api\1.1.1\cache-api-1.1.1.jar;D:\develop\apache-maven-3.9.9\mvn_repo\io\projectreactor\reactor-core\3.4.24\reactor-core-3.4.24.jar;D:\develop\apache-maven-3.9.9\mvn_repo\org\reactivestreams\reactive-streams\1.0.4\reactive-streams-1.0.4.jar;D:\develop\apache-maven-3.9.9\mvn_repo\io\reactivex\rxjava3\rxjava\3.1.5\rxjava-3.1.5.jar;D:\develop\apache-maven-3.9.9\mvn_repo\org\jboss\marshalling\jboss-marshalling\2.0.11.Final\jboss-marshalling-2.0.11.Final.jar;D:\develop\apache-maven-3.9.9\mvn_repo\org\jboss\marshalling\jboss-marshalling-river\2.0.11.Final\jboss-marshalling-river-2.0.11.Final.jar;D:\develop\apache-maven-3.9.9\mvn_repo\com\fasterxml\jackson\core\jackson-annotations\2.13.4\jackson-annotations-2.13.4.jar;D:\develop\apache-maven-3.9.9\mvn_repo\com\fasterxml\jackson\dataformat\jackson-dataformat-yaml\2.13.4\jackson-dataformat-yaml-2.13.4.jar;D:\develop\apache-maven-3.9.9\mvn_repo\com\fasterxml\jackson\core\jackson-core\2.13.4\jackson-core-2.13.4.jar;D:\develop\apache-maven-3.9.9\mvn_repo\com\fasterxml\jackson\core\jackson-databind\2.13.4.2\jackson-databind-2.13.4.2.jar;D:\develop\apache-maven-3.9.9\mvn_repo\net\bytebuddy\byte-buddy\1.11.22\byte-buddy-1.11.22.jar;D:\develop\apache-maven-3.9.9\mvn_repo\org\jodd\jodd-bean\5.1.6\jodd-bean-5.1.6.jar;D:\develop\apache-maven-3.9.9\mvn_repo\org\jodd\jodd-core\5.1.6\jodd-core-5.1.6.jar;D:\develop\apache-maven-3.9.9\mvn_repo\io\netty\netty-all\4.1.68.Final\netty-all-4.1.68.Final.jar;"/>
    <property name="sun.cpu.endian" value="little"/>
    <property name="user.home" value="C:\Users\leeyou"/>
    <property name="user.language" value="zh"/>
    <property name="java.specification.vendor" value="Oracle Corporation"/>
    <property name="java.version.date" value="2024-10-15"/>
    <property name="java.home" value="D:\java"/>
    <property name="file.separator" value="\"/>
    <property name="basedir" value="D:\code\partener\leeyou-backend"/>
    <property name="java.vm.compressedOopsMode" value="Zero based"/>
    <property name="line.separator" value="&#10;"/>
    <property name="java.vm.specification.vendor" value="Oracle Corporation"/>
    <property name="java.specification.name" value="Java Platform API Specification"/>
    <property name="FILE_LOG_CHARSET" value="UTF-8"/>
    <property name="java.awt.headless" value="true"/>
    <property name="surefire.real.class.path" value="C:\Users\leeyou\AppData\Local\Temp\surefire14624383886855401073\surefirebooter-20241206091128854_3.jar"/>
    <property name="user.script" value=""/>
    <property name="sun.management.compiler" value="HotSpot 64-Bit Tiered Compilers"/>
    <property name="java.runtime.version" value="21.0.5+9-LTS-239"/>
    <property name="user.name" value="leeyou"/>
    <property name="stdout.encoding" value="GBK"/>
    <property name="path.separator" value=";"/>
    <property name="os.version" value="10.0"/>
    <property name="java.runtime.name" value="Java(TM) SE Runtime Environment"/>
    <property name="file.encoding" value="UTF-8"/>
    <property name="spring.beaninfo.ignore" value="true"/>
    <property name="java.vm.name" value="Java HotSpot(TM) 64-Bit Server VM"/>
    <property name="localRepository" value="D:\develop\apache-maven-3.9.9\mvn_repo"/>
    <property name="java.vendor.url.bug" value="https://bugreport.java.com/bugreport/"/>
    <property name="java.io.tmpdir" value="C:\Users\leeyou\AppData\Local\Temp\"/>
    <property name="idea.version" value="2024.2.4"/>
    <property name="java.version" value="21.0.5"/>
    <property name="user.dir" value="D:\code\partener\leeyou-backend"/>
    <property name="os.arch" value="amd64"/>
    <property name="java.vm.specification.name" value="Java Virtual Machine Specification"/>
    <property name="PID" value="43136"/>
    <property name="sun.os.patch.level" value=""/>
    <property name="CONSOLE_LOG_CHARSET" value="UTF-8"/>
    <property name="native.encoding" value="GBK"/>
    <property name="java.library.path" value="D:\java\bin;C:\Windows\Sun\Java\bin;C:\Windows\system32;C:\Windows;C:\Program Files (x86)\VMware\VMware Workstation\bin\;C:\Python312\Scripts\;C:\Python312\;D:\java\bin;C:\Program Files (x86)\Razer Chroma SDK\bin;C:\Program Files\Razer Chroma SDK\bin;C:\SIMULIA\Commands;C:\Program Files\Microsoft MPI\Bin\;C:\Program Files (x86)\Razer\ChromaBroadcast\bin;C:\Program Files\Razer\ChromaBroadcast\bin;C:\Windows\system32;C:\Windows;C:\Windows\System32\Wbem;C:\Windows\System32\WindowsPowerShell\v1.0\;C:\Windows\System32\OpenSSH\;C:\Program Files\Bandizip\;C:\Program Files (x86)\NVIDIA Corporation\PhysX\Common;C:\Program Files\dotnet\;C:\Windows\system32\config\systemprofile\AppData\Local\Microsoft\WindowsApps;C:\Program Files (x86)\PDFtk Server\bin\;C:\Program Files\Calibre2\;C:\Program Files\Git\cmd;C:\Program Files\Common Files\Oracle\Java\;C:\ProgramData\chocolatey\bin;E:\ANACONDA\Library\mingw-w64\bin;E:\ANACONDA;E:\ANACONDA\Scripts;E:\ANACONDA\Library\bin;D:\develop\mysql-8.4.3-winx64\bin;D:\develop\apache-maven-3.9.9\bin;D:\develop\apache-tomcat-10.1.33\lib;D:\develop\apache-tomcat-10.1.33\bin;D:\develop\apache-tomcat-10.1.33\lib;D:\develop\apache-tomcat-10.1.33\lib\servlet-api.jar;C:\Users\leeyou\AppData\Roaming\nvm;C:\Program Files\nodejs;D:\develop\Redis-x64-5.0.14.1;C:\Program Files\NVIDIA Corporation\NVIDIA app\NvDLISR;C:\Program Files (x86)\NetSarang\Xshell 8\;D:\develop\nodejs;;C:\Program Files\Git LFS;D:\PKPMMAININFOS\python-3\Scripts\;D:\PKPMMAININFOS\python-3\;C:\Users\leeyou\AppData\Local\Microsoft\WindowsApps;C:\Users\leeyou\.dotnet\tools;C:\Users\leeyou\AppData\Local\Programs\Microsoft VS Code\bin;C:\Program Files\JetBrains\PyCharm 2024.2.4\bin;;D:\develop\IntelliJ IDEA 2024.2.4\bin;;D:\develop\DataGrip 2024.3\bin;;C:\Users\leeyou\AppData\Roaming\nvm;C:\Program Files\nodejs;D:\develop\WebStorm 2024.3\bin;;C:\Users\leeyou\AppData\Roaming\npm;C:\Users\leeyou\AppData\Local\GitHubDesktop\bin;."/>
    <property name="java.vm.info" value="mixed mode, sharing"/>
    <property name="stderr.encoding" value="GBK"/>
    <property name="java.vendor" value="Oracle Corporation"/>
    <property name="java.vm.version" value="21.0.5+9-LTS-239"/>
    <property name="sun.io.unicode.encoding" value="UnicodeLittle"/>
    <property name="java.class.version" value="65.0"/>
  </properties>
  <testcase name="contextLoads" classname="com.leeyoubackend.LeeyouBackendApplicationTests" time="0.111">
    <system-out><![CDATA[09:11:29.394 [main] DEBUG org.springframework.test.context.BootstrapUtils - Instantiating CacheAwareContextLoaderDelegate from class [org.springframework.test.context.cache.DefaultCacheAwareContextLoaderDelegate]
09:11:29.400 [main] DEBUG org.springframework.test.context.BootstrapUtils - Instantiating BootstrapContext using constructor [public org.springframework.test.context.support.DefaultBootstrapContext(java.lang.Class,org.springframework.test.context.CacheAwareContextLoaderDelegate)]
09:11:29.420 [main] DEBUG org.springframework.test.context.BootstrapUtils - Instantiating TestContextBootstrapper for test class [com.leeyoubackend.LeeyouBackendApplicationTests] from class [org.springframework.boot.test.context.SpringBootTestContextBootstrapper]
09:11:29.426 [main] INFO org.springframework.boot.test.context.SpringBootTestContextBootstrapper - Neither @ContextConfiguration nor @ContextHierarchy found for test class [com.leeyoubackend.LeeyouBackendApplicationTests], using SpringBootContextLoader
09:11:29.427 [main] DEBUG org.springframework.test.context.support.AbstractContextLoader - Did not detect default resource location for test class [com.leeyoubackend.LeeyouBackendApplicationTests]: class path resource [com/leeyoubackend/LeeyouBackendApplicationTests-context.xml] does not exist
09:11:29.427 [main] DEBUG org.springframework.test.context.support.AbstractContextLoader - Did not detect default resource location for test class [com.leeyoubackend.LeeyouBackendApplicationTests]: class path resource [com/leeyoubackend/LeeyouBackendApplicationTestsContext.groovy] does not exist
09:11:29.427 [main] INFO org.springframework.test.context.support.AbstractContextLoader - Could not detect default resource locations for test class [com.leeyoubackend.LeeyouBackendApplicationTests]: no resource found for suffixes {-context.xml, Context.groovy}.
09:11:29.428 [main] INFO org.springframework.test.context.support.AnnotationConfigContextLoaderUtils - Could not detect default configuration classes for test class [com.leeyoubackend.LeeyouBackendApplicationTests]: LeeyouBackendApplicationTests does not declare any static, non-private, non-final, nested classes annotated with @Configuration.
09:11:29.456 [main] DEBUG org.springframework.test.context.support.ActiveProfilesUtils - Could not find an 'annotation declaring class' for annotation type [org.springframework.test.context.ActiveProfiles] and class [com.leeyoubackend.LeeyouBackendApplicationTests]
09:11:29.489 [main] DEBUG org.springframework.context.annotation.ClassPathScanningCandidateComponentProvider - Identified candidate component class: file [D:\code\partener\leeyou-backend\target\classes\com\leeyoubackend\LeeyouBackendApplication.class]
09:11:29.489 [main] INFO org.springframework.boot.test.context.SpringBootTestContextBootstrapper - Found @SpringBootConfiguration com.leeyoubackend.LeeyouBackendApplication for test class com.leeyoubackend.LeeyouBackendApplicationTests
09:11:29.539 [main] DEBUG org.springframework.boot.test.context.SpringBootTestContextBootstrapper - @TestExecutionListeners is not present for class [com.leeyoubackend.LeeyouBackendApplicationTests]: using defaults.
09:11:29.539 [main] INFO org.springframework.boot.test.context.SpringBootTestContextBootstrapper - Loaded default TestExecutionListener class names from location [META-INF/spring.factories]: [org.springframework.boot.test.mock.mockito.MockitoTestExecutionListener, org.springframework.boot.test.mock.mockito.ResetMocksTestExecutionListener, org.springframework.boot.test.autoconfigure.restdocs.RestDocsTestExecutionListener, org.springframework.boot.test.autoconfigure.web.client.MockRestServiceServerResetTestExecutionListener, org.springframework.boot.test.autoconfigure.web.servlet.MockMvcPrintOnlyOnFailureTestExecutionListener, org.springframework.boot.test.autoconfigure.web.servlet.WebDriverTestExecutionListener, org.springframework.boot.test.autoconfigure.webservices.client.MockWebServiceServerTestExecutionListener, org.springframework.test.context.web.ServletTestExecutionListener, org.springframework.test.context.support.DirtiesContextBeforeModesTestExecutionListener, org.springframework.test.context.event.ApplicationEventsTestExecutionListener, org.springframework.test.context.support.DependencyInjectionTestExecutionListener, org.springframework.test.context.support.DirtiesContextTestExecutionListener, org.springframework.test.context.transaction.TransactionalTestExecutionListener, org.springframework.test.context.jdbc.SqlScriptsTestExecutionListener, org.springframework.test.context.event.EventPublishingTestExecutionListener]
09:11:29.551 [main] INFO org.springframework.boot.test.context.SpringBootTestContextBootstrapper - Using TestExecutionListeners: [org.springframework.test.context.web.ServletTestExecutionListener@35229f85, org.springframework.test.context.support.DirtiesContextBeforeModesTestExecutionListener@6d3c5255, org.springframework.test.context.event.ApplicationEventsTestExecutionListener@b1712f3, org.springframework.boot.test.mock.mockito.MockitoTestExecutionListener@6986bbaf, org.springframework.boot.test.autoconfigure.SpringBootDependencyInjectionTestExecutionListener@4879dfad, org.springframework.test.context.support.DirtiesContextTestExecutionListener@4758820d, org.springframework.test.context.transaction.TransactionalTestExecutionListener@74eb909f, org.springframework.test.context.jdbc.SqlScriptsTestExecutionListener@28ec166e, org.springframework.test.context.event.EventPublishingTestExecutionListener@2eee3069, org.springframework.boot.test.mock.mockito.ResetMocksTestExecutionListener@2da59753, org.springframework.boot.test.autoconfigure.restdocs.RestDocsTestExecutionListener@5629510, org.springframework.boot.test.autoconfigure.web.client.MockRestServiceServerResetTestExecutionListener@4df5bcb4, org.springframework.boot.test.autoconfigure.web.servlet.MockMvcPrintOnlyOnFailureTestExecutionListener@12c7a01b, org.springframework.boot.test.autoconfigure.web.servlet.WebDriverTestExecutionListener@13d9b21f, org.springframework.boot.test.autoconfigure.webservices.client.MockWebServiceServerTestExecutionListener@2826f61]
09:11:29.553 [main] DEBUG org.springframework.test.context.support.AbstractDirtiesContextTestExecutionListener - Before test class: context [DefaultTestContext@55dfcc6 testClass = LeeyouBackendApplicationTests, testInstance = [null], testMethod = [null], testException = [null], mergedContextConfiguration = [WebMergedContextConfiguration@222eb8aa testClass = LeeyouBackendApplicationTests, locations = '{}', classes = '{class com.leeyoubackend.LeeyouBackendApplication}', contextInitializerClasses = '[]', activeProfiles = '{}', propertySourceLocations = '{}', propertySourceProperties = '{org.springframework.boot.test.context.SpringBootTestContextBootstrapper=true}', contextCustomizers = set[org.springframework.boot.test.context.filter.ExcludeFilterContextCustomizer@792b749c, org.springframework.boot.test.json.DuplicateJsonObjectContextCustomizerFactory$DuplicateJsonObjectContextCustomizer@73eb439a, org.springframework.boot.test.mock.mockito.MockitoContextCustomizer@0, org.springframework.boot.test.web.client.TestRestTemplateContextCustomizer@66982506, org.springframework.boot.test.autoconfigure.actuate.metrics.MetricsExportContextCustomizerFactory$DisableMetricExportContextCustomizer@5c80cf32, org.springframework.boot.test.autoconfigure.properties.PropertyMappingContextCustomizer@0, org.springframework.boot.test.autoconfigure.web.servlet.WebDriverContextCustomizerFactory$Customizer@f1da57d, org.springframework.boot.test.context.SpringBootTestArgs@1, org.springframework.boot.test.context.SpringBootTestWebEnvironment@49e202ad], resourceBasePath = 'src/main/webapp', contextLoader = 'org.springframework.boot.test.context.SpringBootContextLoader', parent = [null]], attributes = map['org.springframework.test.context.web.ServletTestExecutionListener.activateListener' -> true]], class annotated with @DirtiesContext [false] with mode [null].

  .   ____          _            __ _ _
 /\\ / ___'_ __ _ _(_)_ __  __ _ \ \ \ \
( ( )\___ | '_ | '_| | '_ \/ _` | \ \ \ \
 \\/  ___)| |_)| | | | | || (_| |  ) ) ) )
  '  |____| .__|_| |_|_| |_\__, | / / / /
 =========|_|==============|___/=/_/_/_/
 :: Spring Boot ::               (v2.6.13)

2024-12-06 09:11:29.753  WARN 43136 --- [           main] ory$DuplicateJsonObjectContextCustomizer : 

Found multiple occurrences of org.json.JSONObject on the class path:

	jar:file:/D:/develop/apache-maven-3.9.9/mvn_repo/com/vaadin/external/google/android-json/0.0.20131108.vaadin1/android-json-0.0.20131108.vaadin1.jar!/org/json/JSONObject.class
	jar:file:/D:/develop/apache-maven-3.9.9/mvn_repo/org/json/json/20231013/json-20231013.jar!/org/json/JSONObject.class

You may wish to exclude one of them to ensure predictable runtime behavior

2024-12-06 09:11:29.763  INFO 43136 --- [           main] c.l.LeeyouBackendApplicationTests        : Starting LeeyouBackendApplicationTests using Java 21.0.5 on enchanted with PID 43136 (started by leeyou in D:\code\partener\leeyou-backend)
2024-12-06 09:11:29.764  INFO 43136 --- [           main] c.l.LeeyouBackendApplicationTests        : No active profile set, falling back to 1 default profile: "default"
2024-12-06 09:11:30.263  INFO 43136 --- [           main] .s.d.r.c.RepositoryConfigurationDelegate : Multiple Spring Data modules found, entering strict repository configuration mode
2024-12-06 09:11:30.264  INFO 43136 --- [           main] .s.d.r.c.RepositoryConfigurationDelegate : Bootstrapping Spring Data Redis repositories in DEFAULT mode.
2024-12-06 09:11:30.277  INFO 43136 --- [           main] .s.d.r.c.RepositoryConfigurationDelegate : Finished Spring Data repository scanning in 6 ms. Found 0 Redis repository interfaces.
2024-12-06 09:11:30.358  WARN 43136 --- [           main] o.m.s.mapper.ClassPathMapperScanner      : Skipping MapperFactoryBean with name 'tagsMapper' and 'com.leeyoubackend.mapper.TagsMapper' mapperInterface. Bean already defined with the same name!
2024-12-06 09:11:30.358  WARN 43136 --- [           main] o.m.s.mapper.ClassPathMapperScanner      : Skipping MapperFactoryBean with name 'teamMapper' and 'com.leeyoubackend.mapper.TeamMapper' mapperInterface. Bean already defined with the same name!
2024-12-06 09:11:30.358  WARN 43136 --- [           main] o.m.s.mapper.ClassPathMapperScanner      : Skipping MapperFactoryBean with name 'userTeamMapper' and 'com.leeyoubackend.mapper.UserTeamMapper' mapperInterface. Bean already defined with the same name!
2024-12-06 09:11:30.358  WARN 43136 --- [           main] o.m.s.mapper.ClassPathMapperScanner      : Skipping MapperFactoryBean with name 'usersMapper' and 'com.leeyoubackend.mapper.UsersMapper' mapperInterface. Bean already defined with the same name!
2024-12-06 09:11:30.358  WARN 43136 --- [           main] o.m.s.mapper.ClassPathMapperScanner      : No MyBatis mapper was found in '[com.leeyoubackend.mapper]' package. Please check your configuration.
Logging initialized using 'class org.apache.ibatis.logging.stdout.StdOutImpl' adapter.
This primary key of "id" is primitive !不建议如此请使用包装类 in Class: "com.leeyoubackend.pojo.Users"
Initialization Sequence datacenterId:0 workerId:5
 _ _   |_  _ _|_. ___ _ |    _ 
| | |\/|_)(_| | |_\  |_)||_|_\ 
     /               |         
                        3.5.4 
2024-12-06 09:11:31.429  INFO 43136 --- [           main] org.redisson.Version                     : Redisson 3.17.5
2024-12-06 09:11:31.519  INFO 43136 --- [isson-netty-4-5] o.r.c.pool.MasterPubSubConnectionPool    : 1 connections initialized for 127.0.0.1/127.0.0.1:6379
2024-12-06 09:11:31.550  INFO 43136 --- [sson-netty-4-19] o.r.c.pool.MasterConnectionPool          : 24 connections initialized for 127.0.0.1/127.0.0.1:6379
2024-12-06 09:11:32.177  INFO 43136 --- [           main] o.s.b.a.w.s.WelcomePageHandlerMapping    : Adding welcome page: class path resource [static/index.html]
2024-12-06 09:11:32.275  INFO 43136 --- [           main] pertySourcedRequestMappingHandlerMapping : Mapped URL path [/v2/api-docs] onto method [springfox.documentation.swagger2.web.Swagger2ControllerWebMvc#getDocumentation(String, HttpServletRequest)]
2024-12-06 09:11:32.667  INFO 43136 --- [           main] d.s.w.p.DocumentationPluginsBootstrapper : Documentation plugins bootstrapped
2024-12-06 09:11:32.669  INFO 43136 --- [           main] d.s.w.p.DocumentationPluginsBootstrapper : Found 1 custom documentation plugin(s)
2024-12-06 09:11:32.688  INFO 43136 --- [           main] s.d.s.w.s.ApiListingReferenceScanner     : Scanning for api listing references
2024-12-06 09:11:33.357  INFO 43136 --- [           main] s.a.ScheduledAnnotationBeanPostProcessor : No TaskScheduler/ScheduledExecutorService bean found for scheduled processing
2024-12-06 09:11:33.361  INFO 43136 --- [           main] c.l.LeeyouBackendApplicationTests        : Started LeeyouBackendApplicationTests in 3.788 seconds (JVM running for 4.323)
]]></system-out>
  </testcase>
</testsuite>