<?xml version="1.0" encoding="UTF-8"?>
<testsuite xmlns:xsi="http://www.w3.org/2001/XMLSchema-instance" xsi:noNamespaceSchemaLocation="https://maven.apache.org/surefire/maven-surefire-plugin/xsd/surefire-test-report-3.0.xsd" version="3.0" name="com.leeyoubackend.service.AlgorithmUtilsTest" time="0.001" tests="2" errors="0" skipped="0" failures="0">
  <properties>
    <property name="java.specification.version" value="21"/>
    <property name="sun.cpu.isalist" value="amd64"/>
    <property name="sun.jnu.encoding" value="GBK"/>
    <property name="java.class.path" value="D:\code\partener\leeyou-backend\target\test-classes;D:\code\partener\leeyou-backend\target\classes;D:\develop\apache-maven-3.9.9\mvn_repo\org\springframework\boot\spring-boot-starter-web\2.6.13\spring-boot-starter-web-2.6.13.jar;D:\develop\apache-maven-3.9.9\mvn_repo\org\springframework\boot\spring-boot-starter\2.6.13\spring-boot-starter-2.6.13.jar;D:\develop\apache-maven-3.9.9\mvn_repo\org\springframework\boot\spring-boot-starter-logging\2.6.13\spring-boot-starter-logging-2.6.13.jar;D:\develop\apache-maven-3.9.9\mvn_repo\ch\qos\logback\logback-classic\1.2.11\logback-classic-1.2.11.jar;D:\develop\apache-maven-3.9.9\mvn_repo\ch\qos\logback\logback-core\1.2.11\logback-core-1.2.11.jar;D:\develop\apache-maven-3.9.9\mvn_repo\org\apache\logging\log4j\log4j-to-slf4j\2.17.2\log4j-to-slf4j-2.17.2.jar;D:\develop\apache-maven-3.9.9\mvn_repo\org\apache\logging\log4j\log4j-api\2.17.2\log4j-api-2.17.2.jar;D:\develop\apache-maven-3.9.9\mvn_repo\org\slf4j\jul-to-slf4j\1.7.36\jul-to-slf4j-1.7.36.jar;D:\develop\apache-maven-3.9.9\mvn_repo\jakarta\annotation\jakarta.annotation-api\1.3.5\jakarta.annotation-api-1.3.5.jar;D:\develop\apache-maven-3.9.9\mvn_repo\org\yaml\snakeyaml\1.29\snakeyaml-1.29.jar;D:\develop\apache-maven-3.9.9\mvn_repo\org\springframework\boot\spring-boot-starter-json\2.6.13\spring-boot-starter-json-2.6.13.jar;D:\develop\apache-maven-3.9.9\mvn_repo\com\fasterxml\jackson\datatype\jackson-datatype-jdk8\2.13.4\jackson-datatype-jdk8-2.13.4.jar;D:\develop\apache-maven-3.9.9\mvn_repo\com\fasterxml\jackson\datatype\jackson-datatype-jsr310\2.13.4\jackson-datatype-jsr310-2.13.4.jar;D:\develop\apache-maven-3.9.9\mvn_repo\com\fasterxml\jackson\module\jackson-module-parameter-names\2.13.4\jackson-module-parameter-names-2.13.4.jar;D:\develop\apache-maven-3.9.9\mvn_repo\org\springframework\boot\spring-boot-starter-tomcat\2.6.13\spring-boot-starter-tomcat-2.6.13.jar;D:\develop\apache-maven-3.9.9\mvn_repo\org\apache\tomcat\embed\tomcat-embed-core\9.0.68\tomcat-embed-core-9.0.68.jar;D:\develop\apache-maven-3.9.9\mvn_repo\org\apache\tomcat\embed\tomcat-embed-el\9.0.68\tomcat-embed-el-9.0.68.jar;D:\develop\apache-maven-3.9.9\mvn_repo\org\apache\tomcat\embed\tomcat-embed-websocket\9.0.68\tomcat-embed-websocket-9.0.68.jar;D:\develop\apache-maven-3.9.9\mvn_repo\org\springframework\spring-web\5.3.23\spring-web-5.3.23.jar;D:\develop\apache-maven-3.9.9\mvn_repo\org\springframework\spring-beans\5.3.23\spring-beans-5.3.23.jar;D:\develop\apache-maven-3.9.9\mvn_repo\org\springframework\spring-webmvc\5.3.23\spring-webmvc-5.3.23.jar;D:\develop\apache-maven-3.9.9\mvn_repo\org\springframework\spring-aop\5.3.23\spring-aop-5.3.23.jar;D:\develop\apache-maven-3.9.9\mvn_repo\org\springframework\spring-context\5.3.23\spring-context-5.3.23.jar;D:\develop\apache-maven-3.9.9\mvn_repo\org\springframework\spring-expression\5.3.23\spring-expression-5.3.23.jar;D:\develop\apache-maven-3.9.9\mvn_repo\org\apache\commons\commons-lang3\3.12.0\commons-lang3-3.12.0.jar;D:\develop\apache-maven-3.9.9\mvn_repo\org\apache\commons\commons-collections4\4.4\commons-collections4-4.4.jar;D:\develop\apache-maven-3.9.9\mvn_repo\org\apache\commons\commons-math3\3.6.1\commons-math3-3.6.1.jar;D:\develop\apache-maven-3.9.9\mvn_repo\org\springframework\boot\spring-boot-devtools\2.6.13\spring-boot-devtools-2.6.13.jar;D:\develop\apache-maven-3.9.9\mvn_repo\org\springframework\boot\spring-boot\2.6.13\spring-boot-2.6.13.jar;D:\develop\apache-maven-3.9.9\mvn_repo\org\springframework\boot\spring-boot-autoconfigure\2.6.13\spring-boot-autoconfigure-2.6.13.jar;D:\develop\apache-maven-3.9.9\mvn_repo\com\mysql\mysql-connector-j\8.0.31\mysql-connector-j-8.0.31.jar;D:\develop\apache-maven-3.9.9\mvn_repo\org\springframework\boot\spring-boot-configuration-processor\2.6.13\spring-boot-configuration-processor-2.6.13.jar;D:\develop\apache-maven-3.9.9\mvn_repo\org\projectlombok\lombok\1.18.24\lombok-1.18.24.jar;D:\develop\apache-maven-3.9.9\mvn_repo\org\springframework\boot\spring-boot-starter-test\2.6.13\spring-boot-starter-test-2.6.13.jar;D:\develop\apache-maven-3.9.9\mvn_repo\org\springframework\boot\spring-boot-test\2.6.13\spring-boot-test-2.6.13.jar;D:\develop\apache-maven-3.9.9\mvn_repo\org\springframework\boot\spring-boot-test-autoconfigure\2.6.13\spring-boot-test-autoconfigure-2.6.13.jar;D:\develop\apache-maven-3.9.9\mvn_repo\com\jayway\jsonpath\json-path\2.6.0\json-path-2.6.0.jar;D:\develop\apache-maven-3.9.9\mvn_repo\net\minidev\json-smart\2.4.8\json-smart-2.4.8.jar;D:\develop\apache-maven-3.9.9\mvn_repo\net\minidev\accessors-smart\2.4.8\accessors-smart-2.4.8.jar;D:\develop\apache-maven-3.9.9\mvn_repo\org\ow2\asm\asm\9.1\asm-9.1.jar;D:\develop\apache-maven-3.9.9\mvn_repo\jakarta\xml\bind\jakarta.xml.bind-api\2.3.3\jakarta.xml.bind-api-2.3.3.jar;D:\develop\apache-maven-3.9.9\mvn_repo\jakarta\activation\jakarta.activation-api\1.2.2\jakarta.activation-api-1.2.2.jar;D:\develop\apache-maven-3.9.9\mvn_repo\org\assertj\assertj-core\3.21.0\assertj-core-3.21.0.jar;D:\develop\apache-maven-3.9.9\mvn_repo\org\hamcrest\hamcrest\2.2\hamcrest-2.2.jar;D:\develop\apache-maven-3.9.9\mvn_repo\org\junit\jupiter\junit-jupiter\5.8.2\junit-jupiter-5.8.2.jar;D:\develop\apache-maven-3.9.9\mvn_repo\org\junit\jupiter\junit-jupiter-api\5.8.2\junit-jupiter-api-5.8.2.jar;D:\develop\apache-maven-3.9.9\mvn_repo\org\opentest4j\opentest4j\1.2.0\opentest4j-1.2.0.jar;D:\develop\apache-maven-3.9.9\mvn_repo\org\junit\platform\junit-platform-commons\1.8.2\junit-platform-commons-1.8.2.jar;D:\develop\apache-maven-3.9.9\mvn_repo\org\apiguardian\apiguardian-api\1.1.2\apiguardian-api-1.1.2.jar;D:\develop\apache-maven-3.9.9\mvn_repo\org\junit\jupiter\junit-jupiter-params\5.8.2\junit-jupiter-params-5.8.2.jar;D:\develop\apache-maven-3.9.9\mvn_repo\org\junit\jupiter\junit-jupiter-engine\5.8.2\junit-jupiter-engine-5.8.2.jar;D:\develop\apache-maven-3.9.9\mvn_repo\org\junit\platform\junit-platform-engine\1.8.2\junit-platform-engine-1.8.2.jar;D:\develop\apache-maven-3.9.9\mvn_repo\org\mockito\mockito-core\4.0.0\mockito-core-4.0.0.jar;D:\develop\apache-maven-3.9.9\mvn_repo\net\bytebuddy\byte-buddy-agent\1.11.22\byte-buddy-agent-1.11.22.jar;D:\develop\apache-maven-3.9.9\mvn_repo\org\objenesis\objenesis\3.2\objenesis-3.2.jar;D:\develop\apache-maven-3.9.9\mvn_repo\org\mockito\mockito-junit-jupiter\4.0.0\mockito-junit-jupiter-4.0.0.jar;D:\develop\apache-maven-3.9.9\mvn_repo\org\skyscreamer\jsonassert\1.5.1\jsonassert-1.5.1.jar;D:\develop\apache-maven-3.9.9\mvn_repo\com\vaadin\external\google\android-json\0.0.20131108.vaadin1\android-json-0.0.20131108.vaadin1.jar;D:\develop\apache-maven-3.9.9\mvn_repo\org\springframework\spring-core\5.3.23\spring-core-5.3.23.jar;D:\develop\apache-maven-3.9.9\mvn_repo\org\springframework\spring-jcl\5.3.23\spring-jcl-5.3.23.jar;D:\develop\apache-maven-3.9.9\mvn_repo\org\springframework\spring-test\5.3.23\spring-test-5.3.23.jar;D:\develop\apache-maven-3.9.9\mvn_repo\org\xmlunit\xmlunit-core\2.8.4\xmlunit-core-2.8.4.jar;D:\develop\apache-maven-3.9.9\mvn_repo\com\baomidou\mybatis-plus-boot-starter\3.5.4\mybatis-plus-boot-starter-3.5.4.jar;D:\develop\apache-maven-3.9.9\mvn_repo\com\baomidou\mybatis-plus\3.5.4\mybatis-plus-3.5.4.jar;D:\develop\apache-maven-3.9.9\mvn_repo\com\baomidou\mybatis-plus-core\3.5.4\mybatis-plus-core-3.5.4.jar;D:\develop\apache-maven-3.9.9\mvn_repo\com\baomidou\mybatis-plus-annotation\3.5.4\mybatis-plus-annotation-3.5.4.jar;D:\develop\apache-maven-3.9.9\mvn_repo\com\baomidou\mybatis-plus-extension\3.5.4\mybatis-plus-extension-3.5.4.jar;D:\develop\apache-maven-3.9.9\mvn_repo\org\mybatis\mybatis\3.5.13\mybatis-3.5.13.jar;D:\develop\apache-maven-3.9.9\mvn_repo\com\github\jsqlparser\jsqlparser\4.6\jsqlparser-4.6.jar;D:\develop\apache-maven-3.9.9\mvn_repo\org\mybatis\mybatis-spring\2.1.1\mybatis-spring-2.1.1.jar;D:\develop\apache-maven-3.9.9\mvn_repo\com\baomidou\mybatis-plus-spring-boot-autoconfigure\3.5.4\mybatis-plus-spring-boot-autoconfigure-3.5.4.jar;D:\develop\apache-maven-3.9.9\mvn_repo\org\springframework\boot\spring-boot-starter-jdbc\2.6.13\spring-boot-starter-jdbc-2.6.13.jar;D:\develop\apache-maven-3.9.9\mvn_repo\com\zaxxer\HikariCP\4.0.3\HikariCP-4.0.3.jar;D:\develop\apache-maven-3.9.9\mvn_repo\org\springframework\spring-jdbc\5.3.23\spring-jdbc-5.3.23.jar;D:\develop\apache-maven-3.9.9\mvn_repo\junit\junit\4.13.2\junit-4.13.2.jar;D:\develop\apache-maven-3.9.9\mvn_repo\org\hamcrest\hamcrest-core\2.2\hamcrest-core-2.2.jar;D:\develop\apache-maven-3.9.9\mvn_repo\com\google\code\gson\gson\2.10.1\gson-2.10.1.jar;D:\develop\apache-maven-3.9.9\mvn_repo\com\github\xiaoymin\knife4j-openapi2-spring-boot-starter\4.4.0\knife4j-openapi2-spring-boot-starter-4.4.0.jar;D:\develop\apache-maven-3.9.9\mvn_repo\com\github\xiaoymin\knife4j-core\4.4.0\knife4j-core-4.4.0.jar;D:\develop\apache-maven-3.9.9\mvn_repo\com\github\xiaoymin\knife4j-openapi2-ui\4.4.0\knife4j-openapi2-ui-4.4.0.jar;D:\develop\apache-maven-3.9.9\mvn_repo\org\javassist\javassist\3.25.0-GA\javassist-3.25.0-GA.jar;D:\develop\apache-maven-3.9.9\mvn_repo\io\springfox\springfox-swagger2\2.10.5\springfox-swagger2-2.10.5.jar;D:\develop\apache-maven-3.9.9\mvn_repo\io\springfox\springfox-spi\2.10.5\springfox-spi-2.10.5.jar;D:\develop\apache-maven-3.9.9\mvn_repo\io\springfox\springfox-core\2.10.5\springfox-core-2.10.5.jar;D:\develop\apache-maven-3.9.9\mvn_repo\io\springfox\springfox-schema\2.10.5\springfox-schema-2.10.5.jar;D:\develop\apache-maven-3.9.9\mvn_repo\io\springfox\springfox-swagger-common\2.10.5\springfox-swagger-common-2.10.5.jar;D:\develop\apache-maven-3.9.9\mvn_repo\io\springfox\springfox-spring-web\2.10.5\springfox-spring-web-2.10.5.jar;D:\develop\apache-maven-3.9.9\mvn_repo\io\github\classgraph\classgraph\4.1.7\classgraph-4.1.7.jar;D:\develop\apache-maven-3.9.9\mvn_repo\com\fasterxml\classmate\1.5.1\classmate-1.5.1.jar;D:\develop\apache-maven-3.9.9\mvn_repo\org\springframework\plugin\spring-plugin-core\2.0.0.RELEASE\spring-plugin-core-2.0.0.RELEASE.jar;D:\develop\apache-maven-3.9.9\mvn_repo\org\springframework\plugin\spring-plugin-metadata\2.0.0.RELEASE\spring-plugin-metadata-2.0.0.RELEASE.jar;D:\develop\apache-maven-3.9.9\mvn_repo\org\mapstruct\mapstruct\1.3.1.Final\mapstruct-1.3.1.Final.jar;D:\develop\apache-maven-3.9.9\mvn_repo\io\swagger\swagger-models\1.6.6\swagger-models-1.6.6.jar;D:\develop\apache-maven-3.9.9\mvn_repo\io\swagger\swagger-annotations\1.6.6\swagger-annotations-1.6.6.jar;D:\develop\apache-maven-3.9.9\mvn_repo\io\springfox\springfox-bean-validators\2.10.5\springfox-bean-validators-2.10.5.jar;D:\develop\apache-maven-3.9.9\mvn_repo\io\springfox\springfox-spring-webmvc\2.10.5\springfox-spring-webmvc-2.10.5.jar;D:\develop\apache-maven-3.9.9\mvn_repo\redis\clients\jedis\5.1.3\jedis-5.1.3.jar;D:\develop\apache-maven-3.9.9\mvn_repo\org\slf4j\slf4j-api\1.7.36\slf4j-api-1.7.36.jar;D:\develop\apache-maven-3.9.9\mvn_repo\org\apache\commons\commons-pool2\2.11.1\commons-pool2-2.11.1.jar;D:\develop\apache-maven-3.9.9\mvn_repo\org\json\json\20231013\json-20231013.jar;D:\develop\apache-maven-3.9.9\mvn_repo\org\springframework\boot\spring-boot-starter-data-redis\2.6.13\spring-boot-starter-data-redis-2.6.13.jar;D:\develop\apache-maven-3.9.9\mvn_repo\org\springframework\data\spring-data-redis\2.6.9\spring-data-redis-2.6.9.jar;D:\develop\apache-maven-3.9.9\mvn_repo\org\springframework\data\spring-data-keyvalue\2.6.9\spring-data-keyvalue-2.6.9.jar;D:\develop\apache-maven-3.9.9\mvn_repo\org\springframework\data\spring-data-commons\2.6.9\spring-data-commons-2.6.9.jar;D:\develop\apache-maven-3.9.9\mvn_repo\org\springframework\spring-tx\5.3.23\spring-tx-5.3.23.jar;D:\develop\apache-maven-3.9.9\mvn_repo\org\springframework\spring-oxm\5.3.23\spring-oxm-5.3.23.jar;D:\develop\apache-maven-3.9.9\mvn_repo\org\springframework\spring-context-support\5.3.23\spring-context-support-5.3.23.jar;D:\develop\apache-maven-3.9.9\mvn_repo\io\lettuce\lettuce-core\6.1.10.RELEASE\lettuce-core-6.1.10.RELEASE.jar;D:\develop\apache-maven-3.9.9\mvn_repo\org\springframework\session\spring-session-data-redis\2.6.4\spring-session-data-redis-2.6.4.jar;D:\develop\apache-maven-3.9.9\mvn_repo\org\springframework\session\spring-session-core\2.6.3\spring-session-core-2.6.3.jar;D:\develop\apache-maven-3.9.9\mvn_repo\org\redisson\redisson\3.17.5\redisson-3.17.5.jar;D:\develop\apache-maven-3.9.9\mvn_repo\io\netty\netty-common\4.1.84.Final\netty-common-4.1.84.Final.jar;D:\develop\apache-maven-3.9.9\mvn_repo\io\netty\netty-codec\4.1.84.Final\netty-codec-4.1.84.Final.jar;D:\develop\apache-maven-3.9.9\mvn_repo\io\netty\netty-buffer\4.1.84.Final\netty-buffer-4.1.84.Final.jar;D:\develop\apache-maven-3.9.9\mvn_repo\io\netty\netty-transport\4.1.84.Final\netty-transport-4.1.84.Final.jar;D:\develop\apache-maven-3.9.9\mvn_repo\io\netty\netty-resolver\4.1.84.Final\netty-resolver-4.1.84.Final.jar;D:\develop\apache-maven-3.9.9\mvn_repo\io\netty\netty-resolver-dns\4.1.84.Final\netty-resolver-dns-4.1.84.Final.jar;D:\develop\apache-maven-3.9.9\mvn_repo\io\netty\netty-codec-dns\4.1.84.Final\netty-codec-dns-4.1.84.Final.jar;D:\develop\apache-maven-3.9.9\mvn_repo\io\netty\netty-handler\4.1.84.Final\netty-handler-4.1.84.Final.jar;D:\develop\apache-maven-3.9.9\mvn_repo\io\netty\netty-transport-native-unix-common\4.1.84.Final\netty-transport-native-unix-common-4.1.84.Final.jar;D:\develop\apache-maven-3.9.9\mvn_repo\javax\cache\cache-api\1.1.1\cache-api-1.1.1.jar;D:\develop\apache-maven-3.9.9\mvn_repo\io\projectreactor\reactor-core\3.4.24\reactor-core-3.4.24.jar;D:\develop\apache-maven-3.9.9\mvn_repo\org\reactivestreams\reactive-streams\1.0.4\reactive-streams-1.0.4.jar;D:\develop\apache-maven-3.9.9\mvn_repo\io\reactivex\rxjava3\rxjava\3.1.5\rxjava-3.1.5.jar;D:\develop\apache-maven-3.9.9\mvn_repo\org\jboss\marshalling\jboss-marshalling\2.0.11.Final\jboss-marshalling-2.0.11.Final.jar;D:\develop\apache-maven-3.9.9\mvn_repo\org\jboss\marshalling\jboss-marshalling-river\2.0.11.Final\jboss-marshalling-river-2.0.11.Final.jar;D:\develop\apache-maven-3.9.9\mvn_repo\com\fasterxml\jackson\core\jackson-annotations\2.13.4\jackson-annotations-2.13.4.jar;D:\develop\apache-maven-3.9.9\mvn_repo\com\fasterxml\jackson\dataformat\jackson-dataformat-yaml\2.13.4\jackson-dataformat-yaml-2.13.4.jar;D:\develop\apache-maven-3.9.9\mvn_repo\com\fasterxml\jackson\core\jackson-core\2.13.4\jackson-core-2.13.4.jar;D:\develop\apache-maven-3.9.9\mvn_repo\com\fasterxml\jackson\core\jackson-databind\2.13.4.2\jackson-databind-2.13.4.2.jar;D:\develop\apache-maven-3.9.9\mvn_repo\net\bytebuddy\byte-buddy\1.11.22\byte-buddy-1.11.22.jar;D:\develop\apache-maven-3.9.9\mvn_repo\org\jodd\jodd-bean\5.1.6\jodd-bean-5.1.6.jar;D:\develop\apache-maven-3.9.9\mvn_repo\org\jodd\jodd-core\5.1.6\jodd-core-5.1.6.jar;D:\develop\apache-maven-3.9.9\mvn_repo\io\netty\netty-all\4.1.68.Final\netty-all-4.1.68.Final.jar;"/>
    <property name="java.vm.vendor" value="Oracle Corporation"/>
    <property name="sun.arch.data.model" value="64"/>
    <property name="user.variant" value=""/>
    <property name="java.vendor.url" value="https://java.oracle.com/"/>
    <property name="user.timezone" value="Asia/Shanghai"/>
    <property name="os.name" value="Windows 11"/>
    <property name="java.vm.specification.version" value="21"/>
    <property name="sun.java.launcher" value="SUN_STANDARD"/>
    <property name="user.country" value="CN"/>
    <property name="sun.boot.library.path" value="D:\java\bin"/>
    <property name="sun.java.command" value="C:\Users\leeyou\AppData\Local\Temp\surefire10007466480442528743\surefirebooter-20241209143007200_3.jar C:\Users\leeyou\AppData\Local\Temp\surefire10007466480442528743 2024-12-09T14-30-07_117-jvmRun1 surefire-20241209143007200_1tmp surefire_0-20241209143007200_2tmp"/>
    <property name="jdk.debug" value="release"/>
    <property name="surefire.test.class.path" value="D:\code\partener\leeyou-backend\target\test-classes;D:\code\partener\leeyou-backend\target\classes;D:\develop\apache-maven-3.9.9\mvn_repo\org\springframework\boot\spring-boot-starter-web\2.6.13\spring-boot-starter-web-2.6.13.jar;D:\develop\apache-maven-3.9.9\mvn_repo\org\springframework\boot\spring-boot-starter\2.6.13\spring-boot-starter-2.6.13.jar;D:\develop\apache-maven-3.9.9\mvn_repo\org\springframework\boot\spring-boot-starter-logging\2.6.13\spring-boot-starter-logging-2.6.13.jar;D:\develop\apache-maven-3.9.9\mvn_repo\ch\qos\logback\logback-classic\1.2.11\logback-classic-1.2.11.jar;D:\develop\apache-maven-3.9.9\mvn_repo\ch\qos\logback\logback-core\1.2.11\logback-core-1.2.11.jar;D:\develop\apache-maven-3.9.9\mvn_repo\org\apache\logging\log4j\log4j-to-slf4j\2.17.2\log4j-to-slf4j-2.17.2.jar;D:\develop\apache-maven-3.9.9\mvn_repo\org\apache\logging\log4j\log4j-api\2.17.2\log4j-api-2.17.2.jar;D:\develop\apache-maven-3.9.9\mvn_repo\org\slf4j\jul-to-slf4j\1.7.36\jul-to-slf4j-1.7.36.jar;D:\develop\apache-maven-3.9.9\mvn_repo\jakarta\annotation\jakarta.annotation-api\1.3.5\jakarta.annotation-api-1.3.5.jar;D:\develop\apache-maven-3.9.9\mvn_repo\org\yaml\snakeyaml\1.29\snakeyaml-1.29.jar;D:\develop\apache-maven-3.9.9\mvn_repo\org\springframework\boot\spring-boot-starter-json\2.6.13\spring-boot-starter-json-2.6.13.jar;D:\develop\apache-maven-3.9.9\mvn_repo\com\fasterxml\jackson\datatype\jackson-datatype-jdk8\2.13.4\jackson-datatype-jdk8-2.13.4.jar;D:\develop\apache-maven-3.9.9\mvn_repo\com\fasterxml\jackson\datatype\jackson-datatype-jsr310\2.13.4\jackson-datatype-jsr310-2.13.4.jar;D:\develop\apache-maven-3.9.9\mvn_repo\com\fasterxml\jackson\module\jackson-module-parameter-names\2.13.4\jackson-module-parameter-names-2.13.4.jar;D:\develop\apache-maven-3.9.9\mvn_repo\org\springframework\boot\spring-boot-starter-tomcat\2.6.13\spring-boot-starter-tomcat-2.6.13.jar;D:\develop\apache-maven-3.9.9\mvn_repo\org\apache\tomcat\embed\tomcat-embed-core\9.0.68\tomcat-embed-core-9.0.68.jar;D:\develop\apache-maven-3.9.9\mvn_repo\org\apache\tomcat\embed\tomcat-embed-el\9.0.68\tomcat-embed-el-9.0.68.jar;D:\develop\apache-maven-3.9.9\mvn_repo\org\apache\tomcat\embed\tomcat-embed-websocket\9.0.68\tomcat-embed-websocket-9.0.68.jar;D:\develop\apache-maven-3.9.9\mvn_repo\org\springframework\spring-web\5.3.23\spring-web-5.3.23.jar;D:\develop\apache-maven-3.9.9\mvn_repo\org\springframework\spring-beans\5.3.23\spring-beans-5.3.23.jar;D:\develop\apache-maven-3.9.9\mvn_repo\org\springframework\spring-webmvc\5.3.23\spring-webmvc-5.3.23.jar;D:\develop\apache-maven-3.9.9\mvn_repo\org\springframework\spring-aop\5.3.23\spring-aop-5.3.23.jar;D:\develop\apache-maven-3.9.9\mvn_repo\org\springframework\spring-context\5.3.23\spring-context-5.3.23.jar;D:\develop\apache-maven-3.9.9\mvn_repo\org\springframework\spring-expression\5.3.23\spring-expression-5.3.23.jar;D:\develop\apache-maven-3.9.9\mvn_repo\org\apache\commons\commons-lang3\3.12.0\commons-lang3-3.12.0.jar;D:\develop\apache-maven-3.9.9\mvn_repo\org\apache\commons\commons-collections4\4.4\commons-collections4-4.4.jar;D:\develop\apache-maven-3.9.9\mvn_repo\org\apache\commons\commons-math3\3.6.1\commons-math3-3.6.1.jar;D:\develop\apache-maven-3.9.9\mvn_repo\org\springframework\boot\spring-boot-devtools\2.6.13\spring-boot-devtools-2.6.13.jar;D:\develop\apache-maven-3.9.9\mvn_repo\org\springframework\boot\spring-boot\2.6.13\spring-boot-2.6.13.jar;D:\develop\apache-maven-3.9.9\mvn_repo\org\springframework\boot\spring-boot-autoconfigure\2.6.13\spring-boot-autoconfigure-2.6.13.jar;D:\develop\apache-maven-3.9.9\mvn_repo\com\mysql\mysql-connector-j\8.0.31\mysql-connector-j-8.0.31.jar;D:\develop\apache-maven-3.9.9\mvn_repo\org\springframework\boot\spring-boot-configuration-processor\2.6.13\spring-boot-configuration-processor-2.6.13.jar;D:\develop\apache-maven-3.9.9\mvn_repo\org\projectlombok\lombok\1.18.24\lombok-1.18.24.jar;D:\develop\apache-maven-3.9.9\mvn_repo\org\springframework\boot\spring-boot-starter-test\2.6.13\spring-boot-starter-test-2.6.13.jar;D:\develop\apache-maven-3.9.9\mvn_repo\org\springframework\boot\spring-boot-test\2.6.13\spring-boot-test-2.6.13.jar;D:\develop\apache-maven-3.9.9\mvn_repo\org\springframework\boot\spring-boot-test-autoconfigure\2.6.13\spring-boot-test-autoconfigure-2.6.13.jar;D:\develop\apache-maven-3.9.9\mvn_repo\com\jayway\jsonpath\json-path\2.6.0\json-path-2.6.0.jar;D:\develop\apache-maven-3.9.9\mvn_repo\net\minidev\json-smart\2.4.8\json-smart-2.4.8.jar;D:\develop\apache-maven-3.9.9\mvn_repo\net\minidev\accessors-smart\2.4.8\accessors-smart-2.4.8.jar;D:\develop\apache-maven-3.9.9\mvn_repo\org\ow2\asm\asm\9.1\asm-9.1.jar;D:\develop\apache-maven-3.9.9\mvn_repo\jakarta\xml\bind\jakarta.xml.bind-api\2.3.3\jakarta.xml.bind-api-2.3.3.jar;D:\develop\apache-maven-3.9.9\mvn_repo\jakarta\activation\jakarta.activation-api\1.2.2\jakarta.activation-api-1.2.2.jar;D:\develop\apache-maven-3.9.9\mvn_repo\org\assertj\assertj-core\3.21.0\assertj-core-3.21.0.jar;D:\develop\apache-maven-3.9.9\mvn_repo\org\hamcrest\hamcrest\2.2\hamcrest-2.2.jar;D:\develop\apache-maven-3.9.9\mvn_repo\org\junit\jupiter\junit-jupiter\5.8.2\junit-jupiter-5.8.2.jar;D:\develop\apache-maven-3.9.9\mvn_repo\org\junit\jupiter\junit-jupiter-api\5.8.2\junit-jupiter-api-5.8.2.jar;D:\develop\apache-maven-3.9.9\mvn_repo\org\opentest4j\opentest4j\1.2.0\opentest4j-1.2.0.jar;D:\develop\apache-maven-3.9.9\mvn_repo\org\junit\platform\junit-platform-commons\1.8.2\junit-platform-commons-1.8.2.jar;D:\develop\apache-maven-3.9.9\mvn_repo\org\apiguardian\apiguardian-api\1.1.2\apiguardian-api-1.1.2.jar;D:\develop\apache-maven-3.9.9\mvn_repo\org\junit\jupiter\junit-jupiter-params\5.8.2\junit-jupiter-params-5.8.2.jar;D:\develop\apache-maven-3.9.9\mvn_repo\org\junit\jupiter\junit-jupiter-engine\5.8.2\junit-jupiter-engine-5.8.2.jar;D:\develop\apache-maven-3.9.9\mvn_repo\org\junit\platform\junit-platform-engine\1.8.2\junit-platform-engine-1.8.2.jar;D:\develop\apache-maven-3.9.9\mvn_repo\org\mockito\mockito-core\4.0.0\mockito-core-4.0.0.jar;D:\develop\apache-maven-3.9.9\mvn_repo\net\bytebuddy\byte-buddy-agent\1.11.22\byte-buddy-agent-1.11.22.jar;D:\develop\apache-maven-3.9.9\mvn_repo\org\objenesis\objenesis\3.2\objenesis-3.2.jar;D:\develop\apache-maven-3.9.9\mvn_repo\org\mockito\mockito-junit-jupiter\4.0.0\mockito-junit-jupiter-4.0.0.jar;D:\develop\apache-maven-3.9.9\mvn_repo\org\skyscreamer\jsonassert\1.5.1\jsonassert-1.5.1.jar;D:\develop\apache-maven-3.9.9\mvn_repo\com\vaadin\external\google\android-json\0.0.20131108.vaadin1\android-json-0.0.20131108.vaadin1.jar;D:\develop\apache-maven-3.9.9\mvn_repo\org\springframework\spring-core\5.3.23\spring-core-5.3.23.jar;D:\develop\apache-maven-3.9.9\mvn_repo\org\springframework\spring-jcl\5.3.23\spring-jcl-5.3.23.jar;D:\develop\apache-maven-3.9.9\mvn_repo\org\springframework\spring-test\5.3.23\spring-test-5.3.23.jar;D:\develop\apache-maven-3.9.9\mvn_repo\org\xmlunit\xmlunit-core\2.8.4\xmlunit-core-2.8.4.jar;D:\develop\apache-maven-3.9.9\mvn_repo\com\baomidou\mybatis-plus-boot-starter\3.5.4\mybatis-plus-boot-starter-3.5.4.jar;D:\develop\apache-maven-3.9.9\mvn_repo\com\baomidou\mybatis-plus\3.5.4\mybatis-plus-3.5.4.jar;D:\develop\apache-maven-3.9.9\mvn_repo\com\baomidou\mybatis-plus-core\3.5.4\mybatis-plus-core-3.5.4.jar;D:\develop\apache-maven-3.9.9\mvn_repo\com\baomidou\mybatis-plus-annotation\3.5.4\mybatis-plus-annotation-3.5.4.jar;D:\develop\apache-maven-3.9.9\mvn_repo\com\baomidou\mybatis-plus-extension\3.5.4\mybatis-plus-extension-3.5.4.jar;D:\develop\apache-maven-3.9.9\mvn_repo\org\mybatis\mybatis\3.5.13\mybatis-3.5.13.jar;D:\develop\apache-maven-3.9.9\mvn_repo\com\github\jsqlparser\jsqlparser\4.6\jsqlparser-4.6.jar;D:\develop\apache-maven-3.9.9\mvn_repo\org\mybatis\mybatis-spring\2.1.1\mybatis-spring-2.1.1.jar;D:\develop\apache-maven-3.9.9\mvn_repo\com\baomidou\mybatis-plus-spring-boot-autoconfigure\3.5.4\mybatis-plus-spring-boot-autoconfigure-3.5.4.jar;D:\develop\apache-maven-3.9.9\mvn_repo\org\springframework\boot\spring-boot-starter-jdbc\2.6.13\spring-boot-starter-jdbc-2.6.13.jar;D:\develop\apache-maven-3.9.9\mvn_repo\com\zaxxer\HikariCP\4.0.3\HikariCP-4.0.3.jar;D:\develop\apache-maven-3.9.9\mvn_repo\org\springframework\spring-jdbc\5.3.23\spring-jdbc-5.3.23.jar;D:\develop\apache-maven-3.9.9\mvn_repo\junit\junit\4.13.2\junit-4.13.2.jar;D:\develop\apache-maven-3.9.9\mvn_repo\org\hamcrest\hamcrest-core\2.2\hamcrest-core-2.2.jar;D:\develop\apache-maven-3.9.9\mvn_repo\com\google\code\gson\gson\2.10.1\gson-2.10.1.jar;D:\develop\apache-maven-3.9.9\mvn_repo\com\github\xiaoymin\knife4j-openapi2-spring-boot-starter\4.4.0\knife4j-openapi2-spring-boot-starter-4.4.0.jar;D:\develop\apache-maven-3.9.9\mvn_repo\com\github\xiaoymin\knife4j-core\4.4.0\knife4j-core-4.4.0.jar;D:\develop\apache-maven-3.9.9\mvn_repo\com\github\xiaoymin\knife4j-openapi2-ui\4.4.0\knife4j-openapi2-ui-4.4.0.jar;D:\develop\apache-maven-3.9.9\mvn_repo\org\javassist\javassist\3.25.0-GA\javassist-3.25.0-GA.jar;D:\develop\apache-maven-3.9.9\mvn_repo\io\springfox\springfox-swagger2\2.10.5\springfox-swagger2-2.10.5.jar;D:\develop\apache-maven-3.9.9\mvn_repo\io\springfox\springfox-spi\2.10.5\springfox-spi-2.10.5.jar;D:\develop\apache-maven-3.9.9\mvn_repo\io\springfox\springfox-core\2.10.5\springfox-core-2.10.5.jar;D:\develop\apache-maven-3.9.9\mvn_repo\io\springfox\springfox-schema\2.10.5\springfox-schema-2.10.5.jar;D:\develop\apache-maven-3.9.9\mvn_repo\io\springfox\springfox-swagger-common\2.10.5\springfox-swagger-common-2.10.5.jar;D:\develop\apache-maven-3.9.9\mvn_repo\io\springfox\springfox-spring-web\2.10.5\springfox-spring-web-2.10.5.jar;D:\develop\apache-maven-3.9.9\mvn_repo\io\github\classgraph\classgraph\4.1.7\classgraph-4.1.7.jar;D:\develop\apache-maven-3.9.9\mvn_repo\com\fasterxml\classmate\1.5.1\classmate-1.5.1.jar;D:\develop\apache-maven-3.9.9\mvn_repo\org\springframework\plugin\spring-plugin-core\2.0.0.RELEASE\spring-plugin-core-2.0.0.RELEASE.jar;D:\develop\apache-maven-3.9.9\mvn_repo\org\springframework\plugin\spring-plugin-metadata\2.0.0.RELEASE\spring-plugin-metadata-2.0.0.RELEASE.jar;D:\develop\apache-maven-3.9.9\mvn_repo\org\mapstruct\mapstruct\1.3.1.Final\mapstruct-1.3.1.Final.jar;D:\develop\apache-maven-3.9.9\mvn_repo\io\swagger\swagger-models\1.6.6\swagger-models-1.6.6.jar;D:\develop\apache-maven-3.9.9\mvn_repo\io\swagger\swagger-annotations\1.6.6\swagger-annotations-1.6.6.jar;D:\develop\apache-maven-3.9.9\mvn_repo\io\springfox\springfox-bean-validators\2.10.5\springfox-bean-validators-2.10.5.jar;D:\develop\apache-maven-3.9.9\mvn_repo\io\springfox\springfox-spring-webmvc\2.10.5\springfox-spring-webmvc-2.10.5.jar;D:\develop\apache-maven-3.9.9\mvn_repo\redis\clients\jedis\5.1.3\jedis-5.1.3.jar;D:\develop\apache-maven-3.9.9\mvn_repo\org\slf4j\slf4j-api\1.7.36\slf4j-api-1.7.36.jar;D:\develop\apache-maven-3.9.9\mvn_repo\org\apache\commons\commons-pool2\2.11.1\commons-pool2-2.11.1.jar;D:\develop\apache-maven-3.9.9\mvn_repo\org\json\json\20231013\json-20231013.jar;D:\develop\apache-maven-3.9.9\mvn_repo\org\springframework\boot\spring-boot-starter-data-redis\2.6.13\spring-boot-starter-data-redis-2.6.13.jar;D:\develop\apache-maven-3.9.9\mvn_repo\org\springframework\data\spring-data-redis\2.6.9\spring-data-redis-2.6.9.jar;D:\develop\apache-maven-3.9.9\mvn_repo\org\springframework\data\spring-data-keyvalue\2.6.9\spring-data-keyvalue-2.6.9.jar;D:\develop\apache-maven-3.9.9\mvn_repo\org\springframework\data\spring-data-commons\2.6.9\spring-data-commons-2.6.9.jar;D:\develop\apache-maven-3.9.9\mvn_repo\org\springframework\spring-tx\5.3.23\spring-tx-5.3.23.jar;D:\develop\apache-maven-3.9.9\mvn_repo\org\springframework\spring-oxm\5.3.23\spring-oxm-5.3.23.jar;D:\develop\apache-maven-3.9.9\mvn_repo\org\springframework\spring-context-support\5.3.23\spring-context-support-5.3.23.jar;D:\develop\apache-maven-3.9.9\mvn_repo\io\lettuce\lettuce-core\6.1.10.RELEASE\lettuce-core-6.1.10.RELEASE.jar;D:\develop\apache-maven-3.9.9\mvn_repo\org\springframework\session\spring-session-data-redis\2.6.4\spring-session-data-redis-2.6.4.jar;D:\develop\apache-maven-3.9.9\mvn_repo\org\springframework\session\spring-session-core\2.6.3\spring-session-core-2.6.3.jar;D:\develop\apache-maven-3.9.9\mvn_repo\org\redisson\redisson\3.17.5\redisson-3.17.5.jar;D:\develop\apache-maven-3.9.9\mvn_repo\io\netty\netty-common\4.1.84.Final\netty-common-4.1.84.Final.jar;D:\develop\apache-maven-3.9.9\mvn_repo\io\netty\netty-codec\4.1.84.Final\netty-codec-4.1.84.Final.jar;D:\develop\apache-maven-3.9.9\mvn_repo\io\netty\netty-buffer\4.1.84.Final\netty-buffer-4.1.84.Final.jar;D:\develop\apache-maven-3.9.9\mvn_repo\io\netty\netty-transport\4.1.84.Final\netty-transport-4.1.84.Final.jar;D:\develop\apache-maven-3.9.9\mvn_repo\io\netty\netty-resolver\4.1.84.Final\netty-resolver-4.1.84.Final.jar;D:\develop\apache-maven-3.9.9\mvn_repo\io\netty\netty-resolver-dns\4.1.84.Final\netty-resolver-dns-4.1.84.Final.jar;D:\develop\apache-maven-3.9.9\mvn_repo\io\netty\netty-codec-dns\4.1.84.Final\netty-codec-dns-4.1.84.Final.jar;D:\develop\apache-maven-3.9.9\mvn_repo\io\netty\netty-handler\4.1.84.Final\netty-handler-4.1.84.Final.jar;D:\develop\apache-maven-3.9.9\mvn_repo\io\netty\netty-transport-native-unix-common\4.1.84.Final\netty-transport-native-unix-common-4.1.84.Final.jar;D:\develop\apache-maven-3.9.9\mvn_repo\javax\cache\cache-api\1.1.1\cache-api-1.1.1.jar;D:\develop\apache-maven-3.9.9\mvn_repo\io\projectreactor\reactor-core\3.4.24\reactor-core-3.4.24.jar;D:\develop\apache-maven-3.9.9\mvn_repo\org\reactivestreams\reactive-streams\1.0.4\reactive-streams-1.0.4.jar;D:\develop\apache-maven-3.9.9\mvn_repo\io\reactivex\rxjava3\rxjava\3.1.5\rxjava-3.1.5.jar;D:\develop\apache-maven-3.9.9\mvn_repo\org\jboss\marshalling\jboss-marshalling\2.0.11.Final\jboss-marshalling-2.0.11.Final.jar;D:\develop\apache-maven-3.9.9\mvn_repo\org\jboss\marshalling\jboss-marshalling-river\2.0.11.Final\jboss-marshalling-river-2.0.11.Final.jar;D:\develop\apache-maven-3.9.9\mvn_repo\com\fasterxml\jackson\core\jackson-annotations\2.13.4\jackson-annotations-2.13.4.jar;D:\develop\apache-maven-3.9.9\mvn_repo\com\fasterxml\jackson\dataformat\jackson-dataformat-yaml\2.13.4\jackson-dataformat-yaml-2.13.4.jar;D:\develop\apache-maven-3.9.9\mvn_repo\com\fasterxml\jackson\core\jackson-core\2.13.4\jackson-core-2.13.4.jar;D:\develop\apache-maven-3.9.9\mvn_repo\com\fasterxml\jackson\core\jackson-databind\2.13.4.2\jackson-databind-2.13.4.2.jar;D:\develop\apache-maven-3.9.9\mvn_repo\net\bytebuddy\byte-buddy\1.11.22\byte-buddy-1.11.22.jar;D:\develop\apache-maven-3.9.9\mvn_repo\org\jodd\jodd-bean\5.1.6\jodd-bean-5.1.6.jar;D:\develop\apache-maven-3.9.9\mvn_repo\org\jodd\jodd-core\5.1.6\jodd-core-5.1.6.jar;D:\develop\apache-maven-3.9.9\mvn_repo\io\netty\netty-all\4.1.68.Final\netty-all-4.1.68.Final.jar;"/>
    <property name="sun.cpu.endian" value="little"/>
    <property name="user.home" value="C:\Users\leeyou"/>
    <property name="user.language" value="zh"/>
    <property name="java.specification.vendor" value="Oracle Corporation"/>
    <property name="java.version.date" value="2024-10-15"/>
    <property name="java.home" value="D:\java"/>
    <property name="file.separator" value="\"/>
    <property name="basedir" value="D:\code\partener\leeyou-backend"/>
    <property name="java.vm.compressedOopsMode" value="Zero based"/>
    <property name="line.separator" value="&#10;"/>
    <property name="java.vm.specification.vendor" value="Oracle Corporation"/>
    <property name="java.specification.name" value="Java Platform API Specification"/>
    <property name="FILE_LOG_CHARSET" value="UTF-8"/>
    <property name="java.awt.headless" value="true"/>
    <property name="surefire.real.class.path" value="C:\Users\leeyou\AppData\Local\Temp\surefire10007466480442528743\surefirebooter-20241209143007200_3.jar"/>
    <property name="user.script" value=""/>
    <property name="sun.management.compiler" value="HotSpot 64-Bit Tiered Compilers"/>
    <property name="java.runtime.version" value="21.0.5+9-LTS-239"/>
    <property name="user.name" value="leeyou"/>
    <property name="stdout.encoding" value="GBK"/>
    <property name="path.separator" value=";"/>
    <property name="os.version" value="10.0"/>
    <property name="java.runtime.name" value="Java(TM) SE Runtime Environment"/>
    <property name="file.encoding" value="UTF-8"/>
    <property name="spring.beaninfo.ignore" value="true"/>
    <property name="java.vm.name" value="Java HotSpot(TM) 64-Bit Server VM"/>
    <property name="localRepository" value="D:\develop\apache-maven-3.9.9\mvn_repo"/>
    <property name="java.vendor.url.bug" value="https://bugreport.java.com/bugreport/"/>
    <property name="java.io.tmpdir" value="C:\Users\leeyou\AppData\Local\Temp\"/>
    <property name="idea.version" value="2024.2.4"/>
    <property name="java.version" value="21.0.5"/>
    <property name="user.dir" value="D:\code\partener\leeyou-backend"/>
    <property name="os.arch" value="amd64"/>
    <property name="java.vm.specification.name" value="Java Virtual Machine Specification"/>
    <property name="PID" value="130356"/>
    <property name="sun.os.patch.level" value=""/>
    <property name="CONSOLE_LOG_CHARSET" value="UTF-8"/>
    <property name="native.encoding" value="GBK"/>
    <property name="java.library.path" value="D:\java\bin;C:\Windows\Sun\Java\bin;C:\Windows\system32;C:\Windows;C:\Program Files (x86)\VMware\VMware Workstation\bin\;C:\Python312\Scripts\;C:\Python312\;D:\java\bin;C:\Program Files (x86)\Razer Chroma SDK\bin;C:\Program Files\Razer Chroma SDK\bin;C:\SIMULIA\Commands;C:\Program Files\Microsoft MPI\Bin\;C:\Program Files (x86)\Razer\ChromaBroadcast\bin;C:\Program Files\Razer\ChromaBroadcast\bin;C:\Windows\system32;C:\Windows;C:\Windows\System32\Wbem;C:\Windows\System32\WindowsPowerShell\v1.0\;C:\Windows\System32\OpenSSH\;C:\Program Files\Bandizip\;C:\Program Files (x86)\NVIDIA Corporation\PhysX\Common;C:\Program Files\dotnet\;C:\Windows\system32\config\systemprofile\AppData\Local\Microsoft\WindowsApps;C:\Program Files (x86)\PDFtk Server\bin\;C:\Program Files\Calibre2\;C:\Program Files\Git\cmd;C:\Program Files\Common Files\Oracle\Java\;C:\ProgramData\chocolatey\bin;E:\ANACONDA\Library\mingw-w64\bin;E:\ANACONDA;E:\ANACONDA\Scripts;E:\ANACONDA\Library\bin;D:\develop\mysql-8.4.3-winx64\bin;D:\develop\apache-maven-3.9.9\bin;D:\develop\apache-tomcat-10.1.33\lib;D:\develop\apache-tomcat-10.1.33\bin;D:\develop\apache-tomcat-10.1.33\lib;D:\develop\apache-tomcat-10.1.33\lib\servlet-api.jar;C:\Users\leeyou\AppData\Roaming\nvm;C:\Program Files\nodejs;D:\develop\Redis-x64-5.0.14.1;C:\Program Files\NVIDIA Corporation\NVIDIA app\NvDLISR;C:\Program Files (x86)\NetSarang\Xshell 8\;D:\develop\nodejs;;C:\Program Files\Git LFS;D:\PKPMMAININFOS\python-3\Scripts\;D:\PKPMMAININFOS\python-3\;C:\Users\leeyou\AppData\Local\Microsoft\WindowsApps;C:\Users\leeyou\.dotnet\tools;C:\Users\leeyou\AppData\Local\Programs\Microsoft VS Code\bin;C:\Program Files\JetBrains\PyCharm 2024.2.4\bin;;D:\develop\IntelliJ IDEA 2024.2.4\bin;;D:\develop\DataGrip 2024.3\bin;;C:\Users\leeyou\AppData\Roaming\nvm;C:\Program Files\nodejs;D:\develop\WebStorm 2024.3\bin;;C:\Users\leeyou\AppData\Roaming\npm;C:\Users\leeyou\AppData\Local\GitHubDesktop\bin;."/>
    <property name="java.vm.info" value="mixed mode, sharing"/>
    <property name="stderr.encoding" value="GBK"/>
    <property name="java.vendor" value="Oracle Corporation"/>
    <property name="java.vm.version" value="21.0.5+9-LTS-239"/>
    <property name="sun.io.unicode.encoding" value="UnicodeLittle"/>
    <property name="java.class.version" value="65.0"/>
  </properties>
  <testcase name="test" classname="com.leeyoubackend.service.AlgorithmUtilsTest" time="0.0"/>
  <testcase name="test2" classname="com.leeyoubackend.service.AlgorithmUtilsTest" time="0.001">
    <system-out><![CDATA[3
2
]]></system-out>
  </testcase>
</testsuite>